\BOOKMARK [1][-]{section.1}{\376\377\000I\000n\000t\000r\000o\000d\000u\000c\000c\000i\000\363\000n}{}% 1
\BOOKMARK [1][-]{section.2}{\376\377\000C\000a\000r\000g\000a\000\040\000d\000e\000\040\000l\000o\000s\000\040\000d\000a\000t\000o\000s}{}% 2
\BOOKMARK [1][-]{section.3}{\376\377\000D\000e\000s\000c\000r\000i\000p\000c\000i\000\363\000n\000\040\000e\000s\000t\000a\000d\000i\000s\000t\000i\000c\000a\000\040\000d\000e\000\040\000l\000o\000s\000\040\000d\000a\000t\000o\000s}{}% 3
\BOOKMARK [2][-]{subsection.3.1}{\376\377\000G\000r\000\341\000f\000i\000c\000o\000\040\000d\000e\000\040\000b\000a\000r\000r\000a\000s\000\040\000d\000e\000\040\000l\000a\000\040\000v\000a\000r\000i\000a\000b\000l\000e\000\040\000r\000e\000s\000p\000u\000e\000s\000t\000a\000\040\000\050\000F\000a\000k\000e\000\051}{section.3}% 4
\BOOKMARK [2][-]{subsection.3.2}{\376\377\000N\000\372\000m\000e\000r\000o\000\040\000d\000e\000\040\000p\000a\000l\000a\000b\000r\000a\000s\000\040\000p\000o\000r\000\040\000n\000o\000t\000i\000c\000i\000a}{section.3}% 5
\BOOKMARK [2][-]{subsection.3.3}{\376\377\000N\000u\000m\000e\000r\000o\000\040\000m\000e\000d\000i\000o\000\040\000d\000e\000\040\000p\000a\000l\000a\000b\000r\000a\000s\000\040\000p\000o\000r\000\040\000n\000o\000t\000i\000c\000i\000a\000\040\000e\000n\000\040\000f\000u\000n\000c\000i\000\363\000n\000\040\000d\000e\000\040\000s\000i\000\040\000s\000o\000n\000\040\000f\000a\000k\000e\000\040\000o\000\040\000n\000o}{section.3}% 6
\BOOKMARK [1][-]{section.4}{\376\377\000P\000r\000e\000p\000r\000o\000c\000e\000s\000a\000d\000o\000\040\000d\000e\000\040\000t\000e\000x\000t\000o}{}% 7
\BOOKMARK [2][-]{subsection.4.1}{\376\377\000T\000o\000k\000e\000n\000i\000z\000a\000c\000i\000o\000n}{section.4}% 8
\BOOKMARK [3][-]{subsubsection.4.1.1}{\376\377\000C\000a\000d\000e\000n\000a\000s\000\040\000d\000e\000\040\000c\000a\000r\000a\000c\000t\000e\000r\000e\000s}{subsection.4.1}% 9
\BOOKMARK [3][-]{subsubsection.4.1.2}{\376\377\000T\000e\000x\000t\000o}{subsection.4.1}% 10
\BOOKMARK [3][-]{subsubsection.4.1.3}{\376\377\000T\000o\000k\000e\000n\000s\000\040\000e\000n\000\040\000s\000e\000n\000t\000i\000d\000o\000\040\000s\000i\000m\000p\000l\000e}{subsection.4.1}% 11
\BOOKMARK [3][-]{subsubsection.4.1.4}{\376\377\000T\000o\000k\000e\000n\000s\000\040\000e\000n\000\040\000s\000e\000n\000t\000i\000d\000o\000\040\000e\000s\000t\000r\000i\000c\000t\000o}{subsection.4.1}% 12
\BOOKMARK [3][-]{subsubsection.4.1.5}{\376\377\000F\000u\000n\000c\000i\000\363\000n\000\040\000p\000a\000r\000a\000\040\000t\000o\000k\000e\000n\000i\000z\000a\000r\000\040\000e\000n\000\040\000P\000y\000t\000h\000o\000n}{subsection.4.1}% 13
\BOOKMARK [1][-]{section.5}{\376\377\000D\000e\000s\000c\000r\000i\000p\000c\000i\000\363\000n\000\040\000e\000s\000t\000a\000d\000\355\000s\000t\000i\000c\000a\000\040\000d\000e\000\040\000l\000o\000s\000\040\000d\000a\000t\000o\000s\000\040\000t\000r\000a\000s\000\040\000l\000a\000\040\000t\000o\000k\000e\000n\000i\000z\000a\000c\000i\000\363\000n}{}% 14
\BOOKMARK [2][-]{subsection.5.1}{\376\377\000N\000\372\000m\000e\000r\000o\000\040\000d\000e\000\040\000t\000o\000k\000e\000n\000s\000\040\000d\000e\000l\000\040\000c\000o\000n\000j\000u\000n\000t\000o\000\040\000d\000e\000\040\000n\000o\000t\000i\000c\000i\000a\000s\000\040\000e\000n\000\040\000f\000u\000n\000c\000i\000\363\000n\000\040\000d\000e\000\040\000s\000i\000\040\000s\000o\000n\000\040\000f\000a\000k\000e\000\040\000o\000\040\000n\000o}{section.5}% 15
\BOOKMARK [2][-]{subsection.5.2}{\376\377\000N\000\372\000m\000e\000r\000o\000\040\000d\000e\000\040\000t\000o\000k\000e\000n\000s\000\040\000\372\000n\000i\000c\000o\000s\000\040\000d\000e\000l\000\040\000c\000o\000n\000j\000u\000n\000t\000o\000\040\000d\000e\000\040\000n\000o\000t\000i\000c\000i\000a\000s\000\040\000e\000n\000\040\000f\000u\000n\000c\000i\000\363\000n\000\040\000d\000e\000\040\000s\000i\000\040\000s\000o\000n\000\040\000f\000a\000k\000e\000\040\000o\000\040\000n\000o}{section.5}% 16
\BOOKMARK [2][-]{subsection.5.3}{\376\377\000N\000\372\000m\000e\000r\000o\000\040\000d\000e\000\040\000t\000o\000k\000e\000n\000s\000\040\000e\000n\000\040\000c\000a\000d\000a\000\040\000u\000n\000a\000\040\000d\000e\000\040\000l\000a\000s\000\040\000n\000o\000t\000i\000c\000i\000a\000s\000\040\000i\000n\000d\000i\000v\000i\000d\000u\000a\000l\000m\000e\000n\000t\000e}{section.5}% 17
\BOOKMARK [2][-]{subsection.5.4}{\376\377\000N\000\372\000m\000e\000r\000o\000\040\000d\000e\000\040\000v\000e\000c\000e\000s\000\040\000q\000u\000e\000\040\000a\000p\000a\000r\000e\000c\000e\000\040\000c\000a\000d\000a\000\040\000t\000o\000k\000e\000n\000\040\000e\000n\000\040\000e\000l\000\040\000c\000o\000n\000j\000u\000n\000t\000o\000\040\000d\000e\000\040\000l\000a\000s\000\040\000n\000o\000t\000i\000c\000i\000a\000s\000\040\000e\000n\000\040\000f\000u\000n\000c\000i\000\363\000n\000\040\000d\000e\000\040\000s\000i\000\040\000e\000s\000\040\000f\000a\000k\000e\000\040\000o\000\040\000n\000o}{section.5}% 18
\BOOKMARK [2][-]{subsection.5.5}{\376\377\000S\000t\000o\000p\000\040\000w\000o\000r\000d\000s}{section.5}% 19
\BOOKMARK [2][-]{subsection.5.6}{\376\377\000R\000a\000n\000k\000i\000n\000g\000\040\000d\000e\000\040\000t\000o\000k\000e\000n\000s\000\040\000m\000\341\000s\000\040\000f\000r\000e\000c\000u\000e\000n\000t\000e\000s\000\040\000e\000n\000\040\000e\000l\000\040\000c\000o\000n\000j\000u\000n\000t\000o\000\040\000d\000e\000\040\000l\000a\000s\000\040\000n\000o\000t\000i\000c\000a\000s\000\040\000e\000n\000\040\000f\000u\000n\000c\000i\000\363\000n\000\040\000d\000e\000\040\000s\000i\000\040\000s\000o\000n\000\040\000f\000a\000k\000e\000\040\000y\000\040\000n\000o\000\040\000f\000a\000k\000e\000\040\000t\000r\000a\000s\000\040\000e\000l\000i\000m\000i\000n\000a\000r\000\040\000s\000t\000o\000p\000w\000o\000r\000d\000s}{section.5}% 20
\BOOKMARK [2][-]{subsection.5.7}{\376\377\000O\000d\000d\000s\000\040\000R\000a\000t\000i\000o}{section.5}% 21
\BOOKMARK [2][-]{subsection.5.8}{\376\377\000R\000a\000n\000k\000i\000n\000g\000\040\000d\000e\000\040\000l\000o\000s\000\040\0001\0005\000\040\000t\000o\000k\000e\000n\000s\000\040\000m\000a\000s\000\040\000r\000e\000p\000r\000e\000s\000e\000n\000t\000a\000t\000i\000v\000o\000s\000\040\000d\000e\000\040\000l\000a\000s\000\040\000F\000a\000k\000e\000\040\000N\000e\000w\000s}{section.5}% 22
\BOOKMARK [2][-]{subsection.5.9}{\376\377\000R\000a\000n\000k\000i\000n\000g\000\040\000d\000e\000\040\000l\000o\000s\000\040\0001\0005\000\040\000t\000o\000k\000e\000n\000s\000\040\000m\000a\000s\000\040\000r\000e\000p\000r\000e\000s\000e\000n\000t\000a\000t\000i\000v\000o\000s\000\040\000d\000e\000\040\000l\000a\000s\000\040\000n\000o\000\040\000F\000a\000k\000e\000\040\000N\000e\000w\000s}{section.5}% 23
\BOOKMARK [1][-]{section.6}{\376\377\000T\000e\000r\000m\000\040\000f\000r\000e\000q\000u\000e\000n\000c\000y\000\040\040\023\000\040\000I\000n\000v\000e\000r\000s\000e\000\040\000d\000o\000c\000u\000m\000e\000n\000t\000\040\000f\000r\000e\000q\000u\000e\000n\000c\000y\000\040\000\050\000T\000f\000\040\000-\000\040\000I\000d\000f\000\051}{}% 24
\BOOKMARK [2][-]{subsection.6.1}{\376\377\000D\000e\000f\000i\000n\000i\000c\000i\000\363\000n\000\040\000f\000o\000r\000m\000a\000l\000\040\000d\000e\000l\000\040\000e\000s\000t\000a\000d\000i\000s\000t\000i\000c\000o\000\040\000t\000f\000-\000i\000d\000f}{section.6}% 25
\BOOKMARK [2][-]{subsection.6.2}{\376\377\000C\000\341\000l\000c\000u\000l\000o\000\040\000d\000e\000\040\000t\000f\000-\000i\000d\000f\000\040\000e\000n\000\040\000P\000y\000t\000h\000o\000n}{section.6}% 26
\BOOKMARK [3][-]{subsubsection.6.2.1}{\376\377\000C\000\341\000l\000c\000u\000l\000o\000\040\000d\000e\000\040\000t\000f}{subsection.6.2}% 27
\BOOKMARK [3][-]{subsubsection.6.2.2}{\376\377\000C\000\341\000l\000c\000u\000l\000o\000\040\000d\000e\000\040\000i\000d\000f}{subsection.6.2}% 28
\BOOKMARK [3][-]{subsubsection.6.2.3}{\376\377\000C\000\341\000l\000c\000u\000l\000o\000\040\000d\000e\000\040\000t\000f\000-\000i\000d\000f}{subsection.6.2}% 29
\BOOKMARK [2][-]{subsection.6.3}{\376\377\000M\000a\000t\000r\000i\000z\000\040\000T\000f\000-\000I\000d\000f}{section.6}% 30
\BOOKMARK [1][-]{section.7}{\376\377\000M\000\351\000t\000o\000d\000o\000s\000\040\000N\000a\000i\000v\000e\000\040\000B\000a\000y\000e\000s}{}% 31
\BOOKMARK [2][-]{subsection.7.1}{\376\377\000G\000a\000u\000s\000s\000i\000a\000n\000\040\000N\000a\000i\000v\000e\000\040\000B\000a\000y\000e\000s}{section.7}% 32
\BOOKMARK [2][-]{subsection.7.2}{\376\377\000M\000u\000l\000t\000i\000n\000o\000m\000i\000a\000l\000\040\000N\000a\000i\000v\000e\000\040\000B\000a\000y\000e\000s}{section.7}% 33
\BOOKMARK [2][-]{subsection.7.3}{\376\377\000C\000a\000t\000e\000g\000o\000r\000i\000c\000a\000l\000\040\000N\000a\000i\000v\000e\000\040\000B\000a\000y\000e\000s}{section.7}% 34
\BOOKMARK [2][-]{subsection.7.4}{\376\377\000G\000a\000u\000s\000s\000i\000a\000n\000\040\000N\000a\000i\000v\000e\000\040\000B\000a\000y\000e\000s\000\040\000a\000p\000l\000i\000c\000a\000d\000o\000\040\000c\000o\000n\000\040\000P\000y\000t\000h\000o\000n}{section.7}% 35
\BOOKMARK [1][-]{section.8}{\376\377\000B\000i\000b\000l\000i\000o\000g\000r\000a\000f\000\355\000a}{}% 36
