\BOOKMARK [1][-]{section.1}{\376\377\000V\000a\000r\000i\000a\000b\000l\000e\000s\000\040\000a\000l\000e\000a\000t\000o\000r\000i\000a\000s\000\040\000i\000.\000i\000.\000d\000.\000\040}{}% 1
\BOOKMARK [1][-]{section.2}{\376\377\000M\000u\000e\000s\000t\000r\000a\000\040\000A\000l\000e\000a\000t\000o\000r\000i\000a\000\040\000S\000i\000m\000p\000l\000e}{}% 2
\BOOKMARK [1][-]{section.3}{\376\377\000M\000u\000e\000s\000t\000r\000a\000\040\000d\000e\000\040\000O\000b\000s\000e\000r\000v\000a\000c\000i\000o\000n\000e\000s}{}% 3
\BOOKMARK [1][-]{section.4}{\376\377\000E\000s\000t\000a\000d\000\355\000s\000t\000i\000c\000o}{}% 4
\BOOKMARK [2][-]{subsection.4.1}{\376\377\000E\000j\000e\000m\000p\000l\000o\000s\000\040\000d\000e\000\040\000e\000s\000t\000a\000d\000i\000s\000t\000i\000c\000o\000s}{section.4}% 5
\BOOKMARK [1][-]{section.5}{\376\377\000E\000s\000t\000i\000m\000a\000d\000o\000r\000\040\000P\000u\000n\000t\000u\000a\000l}{}% 6
\BOOKMARK [1][-]{section.6}{\376\377\000E\000s\000t\000i\000m\000a\000c\000i\000\363\000n\000\040\000P\000u\000n\000t\000u\000a\000l}{}% 7
\BOOKMARK [1][-]{section.7}{\376\377\000P\000r\000o\000p\000i\000e\000d\000a\000d\000e\000s\000\040\000b\000\341\000s\000i\000c\000a\000s\000\040\000d\000e\000\040\000l\000o\000s\000\040\000e\000s\000t\000i\000m\000a\000d\000o\000r\000e\000s}{}% 8
\BOOKMARK [2][-]{subsection.7.1}{\376\377\000S\000e\000s\000g\000o}{section.7}% 9
\BOOKMARK [2][-]{subsection.7.2}{\376\377\000V\000a\000r\000i\000a\000n\000z\000a}{section.7}% 10
\BOOKMARK [2][-]{subsection.7.3}{\376\377\000E\000r\000r\000o\000r\000\040\000C\000u\000a\000d\000r\000a\000t\000i\000c\000o\000\040\000M\000e\000d\000i\000o}{section.7}% 11
\BOOKMARK [1][-]{section.8}{\376\377\000E\000s\000t\000i\000m\000a\000c\000i\000\363\000n\000\040\000d\000e\000l\000\040\000s\000e\000s\000g\000o\000\040\000y\000\040\000v\000a\000r\000i\000a\000n\000z\000a\000\040\000p\000o\000r\000\040\000J\000a\000c\000k\000n\000i\000f\000e}{}% 12
\BOOKMARK [2][-]{subsection.8.1}{\376\377\000E\000s\000t\000i\000m\000a\000c\000i\000\363\000n\000\040\000J\000a\000c\000k\000n\000i\000f\000e\000\040\000d\000e\000l\000\040\000s\000e\000s\000g\000o}{section.8}% 13
\BOOKMARK [2][-]{subsection.8.2}{\376\377\000E\000s\000t\000i\000m\000a\000c\000i\000\363\000n\000\040\000J\000a\000c\000k\000n\000i\000f\000e\000\040\000d\000e\000\040\000l\000a\000\040\000v\000a\000r\000i\000a\000n\000z\000a}{section.8}% 14
\BOOKMARK [2][-]{subsection.8.3}{\376\377\000E\000s\000t\000i\000m\000a\000c\000i\000\363\000n\000\040\000J\000a\000c\000k\000n\000i\000f\000e\000\040\000d\000e\000\040\000u\000n\000\040\000p\000a\000r\000a\000m\000e\000t\000r\000o\000\040\000c\000o\000n\000\040\000c\000o\000r\000r\000e\000c\000c\000i\000\363\000n\000\040\000d\000e\000\040\000s\000e\000s\000g\000o}{section.8}% 15
\BOOKMARK [2][-]{subsection.8.4}{\376\377\000J\000a\000c\000k\000n\000i\000f\000e\000\040\000e\000n\000\040\000P\000y\000t\000h\000o\000n}{section.8}% 16
\BOOKMARK [1][-]{section.9}{\376\377\000E\000s\000t\000i\000m\000a\000c\000i\000\363\000n\000\040\000d\000e\000l\000\040\000s\000e\000s\000g\000o\000\040\000,\000\040\000v\000a\000r\000i\000a\000n\000z\000a\000\040\000y\000\040\000e\000r\000r\000o\000r\000\040\000c\000u\000a\000d\000r\000a\000t\000i\000c\000o\000\040\000m\000e\000d\000i\000o\000\040\000d\000e\000\040\000u\000n\000\040\000e\000s\000t\000i\000m\000a\000d\000o\000r\000\040\000p\000o\000r\000\040\000B\000o\000o\000t\000s\000t\000r\000a\000p}{}% 17
\BOOKMARK [2][-]{subsection.9.1}{\376\377\000E\000s\000t\000i\000m\000a\000c\000i\000\363\000n\000\040\000b\000o\000o\000t\000s\000t\000r\000a\000p\000\040\000d\000e\000l\000\040\000s\000e\000s\000g\000o\000\040\000d\000e\000\040\000u\000n\000\040\000e\000s\000t\000i\000m\000a\000d\000o\000r}{section.9}% 18
\BOOKMARK [2][-]{subsection.9.2}{\376\377\000E\000s\000t\000i\000m\000a\000c\000i\000\363\000n\000\040\000b\000o\000o\000t\000s\000t\000r\000a\000p\000\040\000d\000e\000\040\000l\000a\000\040\000v\000a\000r\000i\000a\000n\000z\000a\000\040\000d\000e\000\040\000u\000n\000\040\000e\000s\000t\000i\000m\000a\000d\000o\000r}{section.9}% 19
\BOOKMARK [2][-]{subsection.9.3}{\376\377\000E\000s\000t\000i\000m\000a\000c\000i\000\363\000n\000\040\000b\000o\000o\000t\000s\000t\000r\000a\000p\000\040\000d\000e\000l\000\040\000e\000r\000r\000o\000r\000\040\000c\000u\000a\000d\000r\000a\000t\000i\000c\000o\000\040\000m\000e\000d\000i\000o\000\040\000d\000e\000\040\000u\000n\000\040\000e\000s\000t\000i\000m\000a\000d\000o\000r}{section.9}% 20
\BOOKMARK [2][-]{subsection.9.4}{\376\377\000E\000s\000t\000i\000m\000a\000c\000i\000\363\000n\000\040\000b\000o\000o\000t\000s\000t\000r\000a\000p\000\040\000d\000e\000\040\000u\000n\000\040\000p\000a\000r\000a\000m\000e\000t\000r\000o\000\040\000c\000o\000n\000\040\000c\000o\000r\000r\000e\000c\000c\000i\000\363\000n\000\040\000d\000e\000\040\000s\000e\000s\000g\000o}{section.9}% 21
\BOOKMARK [2][-]{subsection.9.5}{\376\377\000N\000\372\000m\000e\000r\000o\000\040\000d\000e\000\040\000m\000u\000e\000s\000t\000r\000a\000s\000\040\000b\000o\000o\000t\000s\000t\000r\000a\000p\000\040\000p\000o\000s\000i\000b\000l\000e\000s}{section.9}% 22
\BOOKMARK [2][-]{subsection.9.6}{\376\377\000B\000o\000o\000t\000s\000t\000r\000a\000p\000\040\000e\000n\000\040\000P\000y\000t\000h\000o\000n}{section.9}% 23
\BOOKMARK [1][-]{section.10}{\376\377\000F\000u\000n\000d\000a\000m\000e\000n\000t\000o\000s\000\040\000d\000e\000l\000\040\000B\000o\000o\000t\000s\000t\000r\000a\000p}{}% 24
\BOOKMARK [2][-]{subsection.10.1}{\376\377\000L\000a\000\040\000f\000u\000n\000c\000i\000\363\000n\000\040\000d\000e\000\040\000d\000i\000s\000t\000r\000i\000b\000u\000c\000i\000\363\000n}{section.10}% 25
\BOOKMARK [2][-]{subsection.10.2}{\376\377\000L\000a\000\040\000f\000u\000n\000c\000i\000\363\000n\000\040\000d\000e\000\040\000d\000i\000s\000t\000r\000i\000b\000u\000c\000i\000\363\000n\000\040\000e\000m\000p\000\355\000r\000i\000c\000a}{section.10}% 26
\BOOKMARK [3][-]{subsubsection.10.2.1}{\376\377\000P\000o\000r\000p\000i\000e\000d\000a\000d\000e\000s\000\040\000d\000e\000\040\000l\000a\000\040\000f\000u\000n\000c\000i\000\363\000n\000\040\000d\000e\000\040\000d\000i\000s\000t\000r\000i\000b\000u\000c\000i\000\363\000n\000\040\000e\000m\000p\000\355\000r\000i\000c\000a\000\040\000c\000o\000m\000o\000\040\000v\000.\000a\000.}{subsection.10.2}% 27
\BOOKMARK [2][-]{subsection.10.3}{\376\377\000F\000u\000n\000c\000i\000\363\000n\000\040\000d\000e\000\040\000d\000i\000s\000t\000r\000i\000b\000u\000c\000i\000\363\000n\000\040\000e\000m\000p\000\355\000r\000i\000c\000a\000\040\000c\000o\000m\000o\000\040\000e\000s\000t\000i\000m\000a\000c\000i\000\363\000n\000\040\000d\000e\000\040\000l\000a\000\040\000f\000u\000n\000c\000i\000o\000n\000\040\000d\000e\000\040\000d\000i\000s\000t\000r\000i\000b\000u\000c\000i\000\363\000n}{section.10}% 28
\BOOKMARK [2][-]{subsection.10.4}{\376\377\000L\000e\000y\000\040\000d\000e\000b\000i\000l\000\040\000d\000e\000\040\000l\000o\000s\000\040\000g\000r\000a\000n\000d\000e\000s\000\040\000n\000\372\000m\000e\000r\000o\000s}{section.10}% 29
\BOOKMARK [2][-]{subsection.10.5}{\376\377\000T\000e\000o\000r\000e\000m\000a\000\040\000d\000e\000\040\000G\000l\000i\000v\000e\000n\000k\000o\000-\000C\000a\000n\000t\000e\000l\000l\000i}{section.10}% 30
\BOOKMARK [3][-]{subsubsection.10.5.1}{\376\377\000D\000e\000m\000o\000s\000t\000r\000a\000c\000i\000\363\000n\000\040\000d\000e\000l\000\040\000t\000e\000o\000r\000e\000m\000a\000\040\000d\000e\000\040\000G\000l\000i\000v\000e\000n\000k\000o\000-\000C\000a\000n\000t\000e\000l\000l\000i}{subsection.10.5}% 31
\BOOKMARK [1][-]{section.11}{\376\377\000I\000n\000t\000e\000r\000v\000a\000l\000o\000s\000\040\000d\000e\000\040\000c\000o\000n\000f\000i\000a\000n\000z\000a\000\040\000b\000a\000s\000a\000d\000o\000s\000\040\000e\000n\000\040\000b\000o\000o\000t\000s\000t\000r\000a\000p}{}% 32
\BOOKMARK [2][-]{subsection.11.1}{\376\377\000I\000n\000t\000e\000r\000v\000a\000l\000o\000s\000\040\000c\000u\000a\000n\000t\000i\000l\000-\000b\000o\000o\000t\000s\000t\000r\000a\000p\000\040\000c\000o\000n\000\040\000u\000n\000a\000\040\000p\000o\000b\000l\000a\000c\000i\000\363\000n}{section.11}% 33
\BOOKMARK [2][-]{subsection.11.2}{\376\377\000I\000n\000t\000e\000r\000v\000a\000l\000o\000s\000\040\000c\000u\000a\000n\000t\000i\000l\000-\000b\000o\000o\000t\000s\000t\000r\000a\000p\000\040\000c\000o\000n\000\040\000d\000o\000s\000\040\000p\000o\000b\000l\000a\000c\000i\000o\000n\000e\000s}{section.11}% 34
\BOOKMARK [2][-]{subsection.11.3}{\376\377\000I\000n\000t\000e\000r\000v\000a\000l\000o\000\040\000B\000C\000a\000-\000b\000o\000o\000t\000s\000t\000r\000a\000p}{section.11}% 35
\BOOKMARK [2][-]{subsection.11.4}{\376\377\000I\000n\000t\000e\000r\000v\000a\000l\000o\000s\000\040\000c\000u\000a\000n\000t\000i\000l\000-\000b\000o\000o\000t\000s\000t\000r\000a\000p\000\040\000e\000n\000\040\000P\000y\000t\000h\000o\000n}{section.11}% 36
\BOOKMARK [2][-]{subsection.11.5}{\376\377\000I\000n\000t\000e\000r\000v\000a\000l\000o\000s\000\040\000B\000C\000a\000\040\000e\000n\000\040\000P\000y\000t\000h\000o\000n}{section.11}% 37
\BOOKMARK [1][-]{section.12}{\376\377\000C\000o\000n\000t\000r\000a\000s\000t\000e\000s\000\040\000d\000e\000\040\000h\000i\000p\000o\000t\000e\000s\000i\000s\000\040\000b\000a\000s\000a\000d\000o\000s\000\040\000e\000n\000\040\000b\000o\000o\000t\000s\000t\000r\000a\000p}{}% 38
\BOOKMARK [2][-]{subsection.12.1}{\376\377\000C\000o\000n\000t\000r\000a\000s\000t\000e\000\040\000d\000e\000\040\000h\000i\000p\000\363\000t\000e\000s\000i\000s\000\040\000s\000o\000b\000r\000e\000\040\000u\000n\000a\000\040\000p\000o\000b\000l\000a\000c\000i\000\363\000n}{section.12}% 39
\BOOKMARK [2][-]{subsection.12.2}{\376\377\000C\000o\000n\000t\000r\000a\000s\000t\000e\000\040\000d\000e\000\040\000h\000i\000p\000\363\000t\000e\000s\000i\000s\000\040\000s\000o\000b\000r\000e\000\040\000d\000o\000s\000\040\000p\000o\000b\000l\000a\000c\000i\000o\000n\000e\000s}{section.12}% 40
\BOOKMARK [2][-]{subsection.12.3}{\376\377\000C\000o\000n\000t\000r\000a\000s\000t\000e\000s\000\040\000d\000e\000\040\000h\000i\000p\000o\000t\000e\000s\000i\000s\000\040\000b\000o\000o\000t\000s\000t\000r\000a\000p\000\040\000e\000n\000\040\000P\000y\000t\000h\000o\000n}{section.12}% 41
\BOOKMARK [1][-]{section.13}{\376\377\000B\000o\000o\000t\000s\000t\000r\000a\000p\000\040\000e\000n\000\040\000R\000e\000g\000r\000e\000s\000i\000\363\000n\000\040\000L\000i\000n\000e\000a\000l}{}% 42
\BOOKMARK [2][-]{subsection.13.1}{\376\377\000B\000o\000t\000s\000t\000r\000a\000p\000\040\000e\000n\000\040\000R\000e\000g\000r\000e\000s\000i\000\363\000n\000\040\000L\000i\000n\000e\000a\000l\000\040\000b\000a\000s\000a\000d\000o\000\040\000e\000n\000\040\000r\000e\000s\000i\000d\000u\000o\000s}{section.13}% 43
\BOOKMARK [3][-]{subsubsection.13.1.1}{\376\377\000I\000n\000t\000e\000r\000v\000a\000l\000o\000\040\000d\000e\000\040\000c\000o\000n\000f\000i\000a\000n\000z\000a\000\040\000b\000o\000o\000t\000s\000t\000r\000a\000p\000\040\000p\000a\000r\000a\000\040\000l\000o\000s\000\040\000c\000o\000e\000f\000i\000c\000i\000e\000n\000t\000e\000s\000\040\000b\000e\000t\000a\000s}{subsection.13.1}% 44
\BOOKMARK [3][-]{subsubsection.13.1.2}{\376\377\000I\000n\000t\000e\000r\000v\000a\000l\000o\000\040\000d\000e\000\040\000c\000o\000n\000f\000i\000a\000n\000z\000a\000\040\000b\000o\000o\000t\000s\000t\000r\000a\000p\000\040\000p\000a\000r\000a\000\040\000l\000o\000s\000\040\000c\000o\000e\000f\000i\000c\000i\000e\000n\000t\000e\000s\000\040\000b\000e\000t\000a\000s}{subsection.13.1}% 45
\BOOKMARK [2][-]{subsection.13.2}{\376\377\000B\000o\000t\000s\000t\000r\000a\000p\000\040\000e\000n\000\040\000R\000e\000g\000r\000e\000s\000i\000\363\000n\000\040\000L\000i\000n\000e\000a\000l\000\040\000b\000a\000s\000a\000d\000o\000\040\000e\000n\000\040\000p\000a\000r\000e\000s}{section.13}% 46
\BOOKMARK [3][-]{subsubsection.13.2.1}{\376\377\000I\000n\000t\000e\000r\000v\000a\000l\000o\000\040\000d\000e\000\040\000c\000o\000n\000f\000i\000a\000n\000z\000a\000\040\000b\000o\000o\000t\000s\000t\000r\000a\000p\000\040\000p\000a\000r\000a\000\040\000l\000o\000s\000\040\000c\000o\000e\000f\000i\000c\000i\000e\000n\000t\000e\000s\000\040\000b\000e\000t\000a\000s}{subsection.13.2}% 47
\BOOKMARK [3][-]{subsubsection.13.2.2}{\376\377\000I\000n\000t\000e\000r\000v\000a\000l\000o\000\040\000d\000e\000\040\000c\000o\000n\000f\000i\000a\000n\000z\000a\000\040\000b\000o\000o\000t\000s\000t\000r\000a\000p\000\040\000p\000a\000r\000a\000\040\000l\000o\000s\000\040\000c\000o\000e\000f\000i\000c\000i\000e\000n\000t\000e\000s\000\040\000b\000e\000t\000a\000s}{subsection.13.2}% 48
\BOOKMARK [2][-]{subsection.13.3}{\376\377\000R\000e\000g\000r\000e\000s\000i\000\363\000n\000\040\000l\000i\000n\000e\000a\000l\000\040\000b\000o\000o\000t\000s\000t\000r\000a\000p\000\040\000e\000n\000\040\000P\000y\000t\000h\000o\000n}{section.13}% 49
\BOOKMARK [1][-]{section.14}{\376\377\000E\000s\000t\000i\000m\000a\000c\000i\000\363\000n\000\040\000b\000o\000o\000t\000s\000t\000r\000a\000p\000\040\000d\000e\000\040\000l\000a\000\040\000v\000a\000r\000i\000a\000n\000z\000a\000\040\000d\000e\000\040\000l\000a\000s\000\040\000p\000r\000e\000d\000i\000c\000c\000i\000o\000n\000e\000s\000\040\000d\000e\000\040\000u\000n\000\040\000m\000o\000d\000e\000l\000o\000\040\000d\000e\000\040\000a\000p\000r\000e\000n\000d\000i\000z\000a\000j\000e\000\040\000s\000u\000p\000e\000r\000v\000i\000s\000a\000d\000o}{}% 50
\BOOKMARK [1][-]{section.15}{\376\377\000E\000s\000t\000i\000m\000a\000c\000i\000\363\000n\000\040\000b\000o\000o\000t\000s\000t\000r\000a\000p\000\040\000d\000e\000l\000\040\000s\000e\000s\000g\000o\000\040\000d\000e\000\040\000l\000a\000s\000\040\000p\000r\000e\000d\000i\000c\000c\000i\000o\000n\000e\000s\000\040\000d\000e\000\040\000u\000n\000\040\000m\000o\000d\000e\000l\000o\000\040\000d\000e\000\040\000a\000p\000r\000e\000n\000d\000i\000z\000a\000j\000e\000\040\000s\000u\000p\000e\000r\000v\000i\000s\000a\000d\000o}{}% 51
\BOOKMARK [1][-]{section.16}{\376\377\000B\000i\000b\000l\000i\000o\000g\000r\000a\000f\000\355\000a}{}% 52
