This is pdfTeX, Version 3.141592653-2.6-1.40.24 (TeX Live 2022) (preloaded format=pdflatex 2022.10.13)  13 OCT 2022 23:17
entering extended mode
 restricted \write18 enabled.
 %&-line parsing enabled.
**Practica1.tex
(./Practica1.tex
LaTeX2e <2022-06-01> patch level 5
L3 programming layer <2022-09-28> (c:/Users/Usuario/AppData/Roaming/TinyTeX/texmf-dist/tex/latex/base/article.cls
Document Class: article 2021/10/04 v1.4n Standard LaTeX document class
(c:/Users/Usuario/AppData/Roaming/TinyTeX/texmf-dist/tex/latex/base/size11.clo
File: size11.clo 2021/10/04 v1.4n Standard LaTeX file (size option)
)
\c@part=\count185
\c@section=\count186
\c@subsection=\count187
\c@subsubsection=\count188
\c@paragraph=\count189
\c@subparagraph=\count190
\c@figure=\count191
\c@table=\count192
\abovecaptionskip=\skip47
\belowcaptionskip=\skip48
\bibindent=\dimen138
) (c:/Users/Usuario/AppData/Roaming/TinyTeX/texmf-dist/tex/latex/amsmath/amsmath.sty
Package: amsmath 2022/04/08 v2.17n AMS math features
\@mathmargin=\skip49
For additional information on amsmath, use the `?' option.
(c:/Users/Usuario/AppData/Roaming/TinyTeX/texmf-dist/tex/latex/amsmath/amstext.sty
Package: amstext 2021/08/26 v2.01 AMS text
(c:/Users/Usuario/AppData/Roaming/TinyTeX/texmf-dist/tex/latex/amsmath/amsgen.sty
File: amsgen.sty 1999/11/30 v2.0 generic functions
\@emptytoks=\toks16
\ex@=\dimen139
)) (c:/Users/Usuario/AppData/Roaming/TinyTeX/texmf-dist/tex/latex/amsmath/amsbsy.sty
Package: amsbsy 1999/11/29 v1.2d Bold Symbols
\pmbraise@=\dimen140
) (c:/Users/Usuario/AppData/Roaming/TinyTeX/texmf-dist/tex/latex/amsmath/amsopn.sty
Package: amsopn 2022/04/08 v2.04 operator names
)
\inf@bad=\count193
LaTeX Info: Redefining \frac on input line 234.
\uproot@=\count194
\leftroot@=\count195
LaTeX Info: Redefining \overline on input line 399.
LaTeX Info: Redefining \colon on input line 410.
\classnum@=\count196
\DOTSCASE@=\count197
LaTeX Info: Redefining \ldots on input line 496.
LaTeX Info: Redefining \dots on input line 499.
LaTeX Info: Redefining \cdots on input line 620.
\Mathstrutbox@=\box51
\strutbox@=\box52
LaTeX Info: Redefining \big on input line 722.
LaTeX Info: Redefining \Big on input line 723.
LaTeX Info: Redefining \bigg on input line 724.
LaTeX Info: Redefining \Bigg on input line 725.
\big@size=\dimen141
LaTeX Font Info:    Redeclaring font encoding OML on input line 743.
LaTeX Font Info:    Redeclaring font encoding OMS on input line 744.
\macc@depth=\count198
LaTeX Info: Redefining \bmod on input line 905.
LaTeX Info: Redefining \pmod on input line 910.
LaTeX Info: Redefining \smash on input line 940.
LaTeX Info: Redefining \relbar on input line 970.
LaTeX Info: Redefining \Relbar on input line 971.
\c@MaxMatrixCols=\count199
\dotsspace@=\muskip16
\c@parentequation=\count266
\dspbrk@lvl=\count267
\tag@help=\toks17
\row@=\count268
\column@=\count269
\maxfields@=\count270
\andhelp@=\toks18
\eqnshift@=\dimen142
\alignsep@=\dimen143
\tagshift@=\dimen144
\tagwidth@=\dimen145
\totwidth@=\dimen146
\lineht@=\dimen147
\@envbody=\toks19
\multlinegap=\skip50
\multlinetaggap=\skip51
\mathdisplay@stack=\toks20
LaTeX Info: Redefining \[ on input line 2953.
LaTeX Info: Redefining \] on input line 2954.
) (c:/Users/Usuario/AppData/Roaming/TinyTeX/texmf-dist/tex/latex/amsfonts/amssymb.sty
Package: amssymb 2013/01/14 v3.01 AMS font symbols
(c:/Users/Usuario/AppData/Roaming/TinyTeX/texmf-dist/tex/latex/amsfonts/amsfonts.sty
Package: amsfonts 2013/01/14 v3.01 Basic AMSFonts support
\symAMSa=\mathgroup4
\symAMSb=\mathgroup5
LaTeX Font Info:    Redeclaring math symbol \hbar on input line 98.
LaTeX Font Info:    Overwriting math alphabet `\mathfrak' in version `bold'
(Font)                  U/euf/m/n --> U/euf/b/n on input line 106.
)) (c:/Users/Usuario/AppData/Roaming/TinyTeX/texmf-dist/tex/latex/lm/lmodern.sty
Package: lmodern 2015/05/01 v1.6.1 Latin Modern Fonts
LaTeX Font Info:    Overwriting symbol font `operators' in version `normal'
(Font)                  OT1/cmr/m/n --> OT1/lmr/m/n on input line 22.
LaTeX Font Info:    Overwriting symbol font `letters' in version `normal'
(Font)                  OML/cmm/m/it --> OML/lmm/m/it on input line 23.
LaTeX Font Info:    Overwriting symbol font `symbols' in version `normal'
(Font)                  OMS/cmsy/m/n --> OMS/lmsy/m/n on input line 24.
LaTeX Font Info:    Overwriting symbol font `largesymbols' in version `normal'
(Font)                  OMX/cmex/m/n --> OMX/lmex/m/n on input line 25.
LaTeX Font Info:    Overwriting symbol font `operators' in version `bold'
(Font)                  OT1/cmr/bx/n --> OT1/lmr/bx/n on input line 26.
LaTeX Font Info:    Overwriting symbol font `letters' in version `bold'
(Font)                  OML/cmm/b/it --> OML/lmm/b/it on input line 27.
LaTeX Font Info:    Overwriting symbol font `symbols' in version `bold'
(Font)                  OMS/cmsy/b/n --> OMS/lmsy/b/n on input line 28.
LaTeX Font Info:    Overwriting symbol font `largesymbols' in version `bold'
(Font)                  OMX/cmex/m/n --> OMX/lmex/m/n on input line 29.
LaTeX Font Info:    Overwriting math alphabet `\mathbf' in version `normal'
(Font)                  OT1/cmr/bx/n --> OT1/lmr/bx/n on input line 31.
LaTeX Font Info:    Overwriting math alphabet `\mathsf' in version `normal'
(Font)                  OT1/cmss/m/n --> OT1/lmss/m/n on input line 32.
LaTeX Font Info:    Overwriting math alphabet `\mathit' in version `normal'
(Font)                  OT1/cmr/m/it --> OT1/lmr/m/it on input line 33.
LaTeX Font Info:    Overwriting math alphabet `\mathtt' in version `normal'
(Font)                  OT1/cmtt/m/n --> OT1/lmtt/m/n on input line 34.
LaTeX Font Info:    Overwriting math alphabet `\mathbf' in version `bold'
(Font)                  OT1/cmr/bx/n --> OT1/lmr/bx/n on input line 35.
LaTeX Font Info:    Overwriting math alphabet `\mathsf' in version `bold'
(Font)                  OT1/cmss/bx/n --> OT1/lmss/bx/n on input line 36.
LaTeX Font Info:    Overwriting math alphabet `\mathit' in version `bold'
(Font)                  OT1/cmr/bx/it --> OT1/lmr/bx/it on input line 37.
LaTeX Font Info:    Overwriting math alphabet `\mathtt' in version `bold'
(Font)                  OT1/cmtt/m/n --> OT1/lmtt/m/n on input line 38.
) (c:/Users/Usuario/AppData/Roaming/TinyTeX/texmf-dist/tex/generic/iftex/iftex.sty
Package: iftex 2022/02/03 v1.0f TeX engine tests
) (c:/Users/Usuario/AppData/Roaming/TinyTeX/texmf-dist/tex/latex/base/fontenc.sty
Package: fontenc 2021/04/29 v2.0v Standard LaTeX package
LaTeX Font Info:    Trying to load font information for T1+lmr on input line 112.
(c:/Users/Usuario/AppData/Roaming/TinyTeX/texmf-dist/tex/latex/lm/t1lmr.fd
File: t1lmr.fd 2015/05/01 v1.6.1 Font defs for Latin Modern
)) (c:/Users/Usuario/AppData/Roaming/TinyTeX/texmf-dist/tex/latex/base/inputenc.sty
Package: inputenc 2021/02/14 v1.3d Input encoding file
\inpenc@prehook=\toks21
\inpenc@posthook=\toks22
) (c:/Users/Usuario/AppData/Roaming/TinyTeX/texmf-dist/tex/latex/base/textcomp.sty
Package: textcomp 2020/02/02 v2.0n Standard LaTeX package
) (c:/Users/Usuario/AppData/Roaming/TinyTeX/texmf-dist/tex/latex/upquote/upquote.sty
Package: upquote 2012/04/19 v1.3 upright-quote and grave-accent glyphs in verbatim
) (c:/Users/Usuario/AppData/Roaming/TinyTeX/texmf-dist/tex/latex/xcolor/xcolor.sty
Package: xcolor 2022/06/12 v2.14 LaTeX color extensions (UK)
(c:/Users/Usuario/AppData/Roaming/TinyTeX/texmf-dist/tex/latex/graphics-cfg/color.cfg
File: color.cfg 2016/01/02 v1.6 sample color configuration
)
Package xcolor Info: Driver file: pdftex.def on input line 227.
(c:/Users/Usuario/AppData/Roaming/TinyTeX/texmf-dist/tex/latex/graphics-def/pdftex.def
File: pdftex.def 2022/09/22 v1.2b Graphics/color driver for pdftex
\stockwidth=\dimen148
\stockheight=\dimen149
) (c:/Users/Usuario/AppData/Roaming/TinyTeX/texmf-dist/tex/latex/graphics/mathcolor.ltx)
Package xcolor Info: Model `cmy' substituted by `cmy0' on input line 1353.
Package xcolor Info: Model `hsb' substituted by `rgb' on input line 1357.
Package xcolor Info: Model `RGB' extended on input line 1369.
Package xcolor Info: Model `HTML' substituted by `rgb' on input line 1371.
Package xcolor Info: Model `Hsb' substituted by `hsb' on input line 1372.
Package xcolor Info: Model `tHsb' substituted by `hsb' on input line 1373.
Package xcolor Info: Model `HSB' substituted by `hsb' on input line 1374.
Package xcolor Info: Model `Gray' substituted by `gray' on input line 1375.
Package xcolor Info: Model `wave' substituted by `hsb' on input line 1376.
(c:/Users/Usuario/AppData/Roaming/TinyTeX/texmf-dist/tex/latex/graphics/dvipsnam.def
File: dvipsnam.def 2016/06/17 v3.0m Driver-dependent file (DPC,SPQR)
) (c:/Users/Usuario/AppData/Roaming/TinyTeX/texmf-dist/tex/latex/xcolor/svgnam.def
File: svgnam.def 2022/06/12 v2.14 Predefined colors according to SVG 1.1 (UK)
) (c:/Users/Usuario/AppData/Roaming/TinyTeX/texmf-dist/tex/latex/xcolor/x11nam.def
File: x11nam.def 2022/06/12 v2.14 Predefined colors according to Unix/X11 (UK)
)) (c:/Users/Usuario/AppData/Roaming/TinyTeX/texmf-dist/tex/latex/geometry/geometry.sty
Package: geometry 2020/01/02 v5.9 Page Geometry
(c:/Users/Usuario/AppData/Roaming/TinyTeX/texmf-dist/tex/latex/graphics/keyval.sty
Package: keyval 2022/05/29 v1.15 key=value parser (DPC)
\KV@toks@=\toks23
) (c:/Users/Usuario/AppData/Roaming/TinyTeX/texmf-dist/tex/generic/iftex/ifvtex.sty
Package: ifvtex 2019/10/25 v1.7 ifvtex legacy package. Use iftex instead.
)
\Gm@cnth=\count271
\Gm@cntv=\count272
\c@Gm@tempcnt=\count273
\Gm@bindingoffset=\dimen150
\Gm@wd@mp=\dimen151
\Gm@odd@mp=\dimen152
\Gm@even@mp=\dimen153
\Gm@layoutwidth=\dimen154
\Gm@layoutheight=\dimen155
\Gm@layouthoffset=\dimen156
\Gm@layoutvoffset=\dimen157
\Gm@dimlist=\toks24
) (c:/Users/Usuario/AppData/Roaming/TinyTeX/texmf-dist/tex/latex/fancyvrb/fancyvrb.sty
Package: fancyvrb 2022/06/06 4.5 verbatim text (tvz,hv)
\FV@CodeLineNo=\count274
\FV@InFile=\read2
\FV@TabBox=\box53
\c@FancyVerbLine=\count275
\FV@StepNumber=\count276
\FV@OutFile=\write3
) (c:/Users/Usuario/AppData/Roaming/TinyTeX/texmf-dist/tex/latex/framed/framed.sty
Package: framed 2011/10/22 v 0.96: framed or shaded text with page breaks
\OuterFrameSep=\skip52
\fb@frw=\dimen158
\fb@frh=\dimen159
\FrameRule=\dimen160
\FrameSep=\dimen161
) (c:/Users/Usuario/AppData/Roaming/TinyTeX/texmf-dist/tex/latex/graphics/graphicx.sty
Package: graphicx 2021/09/16 v1.2d Enhanced LaTeX Graphics (DPC,SPQR)
(c:/Users/Usuario/AppData/Roaming/TinyTeX/texmf-dist/tex/latex/graphics/graphics.sty
Package: graphics 2022/03/10 v1.4e Standard LaTeX Graphics (DPC,SPQR)
(c:/Users/Usuario/AppData/Roaming/TinyTeX/texmf-dist/tex/latex/graphics/trig.sty
Package: trig 2021/08/11 v1.11 sin cos tan (DPC)
) (c:/Users/Usuario/AppData/Roaming/TinyTeX/texmf-dist/tex/latex/graphics-cfg/graphics.cfg
File: graphics.cfg 2016/06/04 v1.11 sample graphics configuration
)
Package graphics Info: Driver file: pdftex.def on input line 107.
)
\Gin@req@height=\dimen162
\Gin@req@width=\dimen163
) (c:/Users/Usuario/AppData/Roaming/TinyTeX/texmf-dist/tex/latex/fvextra/fvextra.sty
Package: fvextra 2019/02/04 v1.4 fvextra - extensions and patches for fancyvrb
(c:/Users/Usuario/AppData/Roaming/TinyTeX/texmf-dist/tex/latex/base/ifthen.sty
Package: ifthen 2022/04/13 v1.1d Standard LaTeX ifthen package (DPC)
) (c:/Users/Usuario/AppData/Roaming/TinyTeX/texmf-dist/tex/latex/etoolbox/etoolbox.sty
Package: etoolbox 2020/10/05 v2.5k e-TeX tools for LaTeX (JAW)
\etb@tempcnta=\count277
) (c:/Users/Usuario/AppData/Roaming/TinyTeX/texmf-dist/tex/latex/lineno/lineno.sty
Package: lineno 2005/11/02 line numbers on paragraphs v4.41
\linenopenalty=\count278
\output=\toks25
\linenoprevgraf=\count279
\linenumbersep=\dimen164
\linenumberwidth=\dimen165
\c@linenumber=\count280
\c@pagewiselinenumber=\count281
\c@LN@truepage=\count282
\c@internallinenumber=\count283
\c@internallinenumbers=\count284
\quotelinenumbersep=\dimen166
\bframerule=\dimen167
\bframesep=\dimen168
\bframebox=\box54
LaTeX Info: Redefining \\ on input line 3056.
)
\c@FV@TrueTabGroupLevel=\count285
\c@FV@TrueTabCounter=\count286
\FV@TabBox@Group=\box55
\FV@TmpLength=\skip53
\c@FV@HighlightLinesStart=\count287
\c@FV@HighlightLinesStop=\count288
\FV@LoopCount=\count289
\FV@NCharsBox=\box56
\FV@BreakIndent=\dimen169
\FV@BreakIndentNChars=\count290
\FV@BreakSymbolSepLeft=\dimen170
\FV@BreakSymbolSepLeftNChars=\count291
\FV@BreakSymbolSepRight=\dimen171
\FV@BreakSymbolSepRightNChars=\count292
\FV@BreakSymbolIndentLeft=\dimen172
\FV@BreakSymbolIndentLeftNChars=\count293
\FV@BreakSymbolIndentRight=\dimen173
\FV@BreakSymbolIndentRightNChars=\count294
\c@FancyVerbLineBreakLast=\count295
\FV@LineBox=\box57
\FV@LineIndentBox=\box58
\FV@LineWidth=\dimen174
) (c:/Users/Usuario/AppData/Roaming/TinyTeX/texmf-dist/tex/latex/mathtools/mathtools.sty
Package: mathtools 2022/06/29 v1.29 mathematical typesetting tools
(c:/Users/Usuario/AppData/Roaming/TinyTeX/texmf-dist/tex/latex/tools/calc.sty
Package: calc 2017/05/25 v4.3 Infix arithmetic (KKT,FJ)
\calc@Acount=\count296
\calc@Bcount=\count297
\calc@Adimen=\dimen175
\calc@Bdimen=\dimen176
\calc@Askip=\skip54
\calc@Bskip=\skip55
LaTeX Info: Redefining \setlength on input line 80.
LaTeX Info: Redefining \addtolength on input line 81.
\calc@Ccount=\count298
\calc@Cskip=\skip56
) (c:/Users/Usuario/AppData/Roaming/TinyTeX/texmf-dist/tex/latex/mathtools/mhsetup.sty
Package: mhsetup 2021/03/18 v1.4 programming setup (MH)
)
\g_MT_multlinerow_int=\count299
\l_MT_multwidth_dim=\dimen177
\origjot=\skip57
\l_MT_shortvdotswithinadjustabove_dim=\dimen178
\l_MT_shortvdotswithinadjustbelow_dim=\dimen179
\l_MT_above_intertext_sep=\dimen180
\l_MT_below_intertext_sep=\dimen181
\l_MT_above_shortintertext_sep=\dimen182
\l_MT_below_shortintertext_sep=\dimen183
\xmathstrut@box=\box59
\xmathstrut@dim=\dimen184
) (c:/Users/Usuario/AppData/Roaming/TinyTeX/texmf-dist/tex/latex/tools/longtable.sty
Package: longtable 2021-09-01 v4.17 Multi-page Table package (DPC)
\LTleft=\skip58
\LTright=\skip59
\LTpre=\skip60
\LTpost=\skip61
\LTchunksize=\count300
\LTcapwidth=\dimen185
\LT@head=\box60
\LT@firsthead=\box61
\LT@foot=\box62
\LT@lastfoot=\box63
\LT@gbox=\box64
\LT@cols=\count301
\LT@rows=\count302
\c@LT@tables=\count303
\c@LT@chunks=\count304
\LT@p@ftn=\toks26
) (c:/Users/Usuario/AppData/Roaming/TinyTeX/texmf-dist/tex/latex/graphics/lscape.sty
Package: lscape 2020/05/28 v3.02 Landscape Pages (DPC)
) (c:/Users/Usuario/AppData/Roaming/TinyTeX/texmf-dist/tex/generic/ulem/ulem.sty
\UL@box=\box65
\UL@hyphenbox=\box66
\UL@skip=\skip62
\UL@hook=\toks27
\UL@height=\dimen186
\UL@pe=\count305
\UL@pixel=\dimen187
\ULC@box=\box67
Package: ulem 2019/11/18
\ULdepth=\dimen188
) (c:/Users/Usuario/AppData/Roaming/TinyTeX/texmf-dist/tex/latex/hyperref/hyperref.sty
Package: hyperref 2022-09-22 v7.00t Hypertext links for LaTeX
(c:/Users/Usuario/AppData/Roaming/TinyTeX/texmf-dist/tex/generic/ltxcmds/ltxcmds.sty
Package: ltxcmds 2020-05-10 v1.25 LaTeX kernel commands for general use (HO)
) (c:/Users/Usuario/AppData/Roaming/TinyTeX/texmf-dist/tex/generic/pdftexcmds/pdftexcmds.sty
Package: pdftexcmds 2020-06-27 v0.33 Utility functions of pdfTeX for LuaTeX (HO)
(c:/Users/Usuario/AppData/Roaming/TinyTeX/texmf-dist/tex/generic/infwarerr/infwarerr.sty
Package: infwarerr 2019/12/03 v1.5 Providing info/warning/error messages (HO)
)
Package pdftexcmds Info: \pdf@primitive is available.
Package pdftexcmds Info: \pdf@ifprimitive is available.
Package pdftexcmds Info: \pdfdraftmode found.
) (c:/Users/Usuario/AppData/Roaming/TinyTeX/texmf-dist/tex/latex/kvsetkeys/kvsetkeys.sty
Package: kvsetkeys 2022-10-05 v1.19 Key value parser (HO)
) (c:/Users/Usuario/AppData/Roaming/TinyTeX/texmf-dist/tex/generic/kvdefinekeys/kvdefinekeys.sty
Package: kvdefinekeys 2019-12-19 v1.6 Define keys (HO)
) (c:/Users/Usuario/AppData/Roaming/TinyTeX/texmf-dist/tex/generic/pdfescape/pdfescape.sty
Package: pdfescape 2019/12/09 v1.15 Implements pdfTeX's escape features (HO)
) (c:/Users/Usuario/AppData/Roaming/TinyTeX/texmf-dist/tex/latex/hycolor/hycolor.sty
Package: hycolor 2020-01-27 v1.10 Color options for hyperref/bookmark (HO)
) (c:/Users/Usuario/AppData/Roaming/TinyTeX/texmf-dist/tex/latex/letltxmacro/letltxmacro.sty
Package: letltxmacro 2019/12/03 v1.6 Let assignment for LaTeX macros (HO)
) (c:/Users/Usuario/AppData/Roaming/TinyTeX/texmf-dist/tex/latex/auxhook/auxhook.sty
Package: auxhook 2019-12-17 v1.6 Hooks for auxiliary files (HO)
) (c:/Users/Usuario/AppData/Roaming/TinyTeX/texmf-dist/tex/latex/hyperref/nameref.sty
Package: nameref 2022-05-17 v2.50 Cross-referencing by name of section
(c:/Users/Usuario/AppData/Roaming/TinyTeX/texmf-dist/tex/latex/refcount/refcount.sty
Package: refcount 2019/12/15 v3.6 Data extraction from label references (HO)
) (c:/Users/Usuario/AppData/Roaming/TinyTeX/texmf-dist/tex/generic/gettitlestring/gettitlestring.sty
Package: gettitlestring 2019/12/15 v1.6 Cleanup title references (HO)
(c:/Users/Usuario/AppData/Roaming/TinyTeX/texmf-dist/tex/latex/kvoptions/kvoptions.sty
Package: kvoptions 2022-06-15 v3.15 Key value format for package options (HO)
))
\c@section@level=\count306
)
\@linkdim=\dimen189
\Hy@linkcounter=\count307
\Hy@pagecounter=\count308
(c:/Users/Usuario/AppData/Roaming/TinyTeX/texmf-dist/tex/latex/hyperref/pd1enc.def
File: pd1enc.def 2022-09-22 v7.00t Hyperref: PDFDocEncoding definition (HO)
Now handling font encoding PD1 ...
... no UTF-8 mapping file for font encoding PD1
) (c:/Users/Usuario/AppData/Roaming/TinyTeX/texmf-dist/tex/generic/intcalc/intcalc.sty
Package: intcalc 2019/12/15 v1.3 Expandable calculations with integers (HO)
) (c:/Users/Usuario/AppData/Roaming/TinyTeX/texmf-dist/tex/generic/etexcmds/etexcmds.sty
Package: etexcmds 2019/12/15 v1.7 Avoid name clashes with e-TeX commands (HO)
)
\Hy@SavedSpaceFactor=\count309
(c:/Users/Usuario/AppData/Roaming/TinyTeX/texmf-dist/tex/latex/hyperref/puenc.def
File: puenc.def 2022-09-22 v7.00t Hyperref: PDF Unicode definition (HO)
Now handling font encoding PU ...
... no UTF-8 mapping file for font encoding PU
)
Package hyperref Info: Option `unicode' set `true' on input line 4045.
Package hyperref Info: Hyper figures OFF on input line 4162.
Package hyperref Info: Link nesting OFF on input line 4167.
Package hyperref Info: Hyper index ON on input line 4170.
Package hyperref Info: Plain pages OFF on input line 4177.
Package hyperref Info: Backreferencing OFF on input line 4182.
Package hyperref Info: Implicit mode ON; LaTeX internals redefined.
Package hyperref Info: Bookmarks ON on input line 4410.
\c@Hy@tempcnt=\count310
(c:/Users/Usuario/AppData/Roaming/TinyTeX/texmf-dist/tex/latex/url/url.sty
\Urlmuskip=\muskip17
Package: url 2013/09/16  ver 3.4  Verb mode for urls, etc.
)
LaTeX Info: Redefining \url on input line 4748.
\XeTeXLinkMargin=\dimen190
(c:/Users/Usuario/AppData/Roaming/TinyTeX/texmf-dist/tex/generic/bitset/bitset.sty
Package: bitset 2019/12/09 v1.3 Handle bit-vector datatype (HO)
(c:/Users/Usuario/AppData/Roaming/TinyTeX/texmf-dist/tex/generic/bigintcalc/bigintcalc.sty
Package: bigintcalc 2019/12/15 v1.5 Expandable calculations on big integers (HO)
))
\Fld@menulength=\count311
\Field@Width=\dimen191
\Fld@charsize=\dimen192
Package hyperref Info: Hyper figures OFF on input line 6027.
Package hyperref Info: Link nesting OFF on input line 6032.
Package hyperref Info: Hyper index ON on input line 6035.
Package hyperref Info: backreferencing OFF on input line 6042.
Package hyperref Info: Link coloring OFF on input line 6047.
Package hyperref Info: Link coloring with OCG OFF on input line 6052.
Package hyperref Info: PDF/A mode OFF on input line 6057.
(c:/Users/Usuario/AppData/Roaming/TinyTeX/texmf-dist/tex/latex/base/atbegshi-ltx.sty
Package: atbegshi-ltx 2021/01/10 v1.0c Emulation of the original atbegshi
package with kernel methods
)
\Hy@abspage=\count312
\c@Item=\count313
\c@Hfootnote=\count314
)
Package hyperref Info: Driver (autodetected): hpdftex.
(c:/Users/Usuario/AppData/Roaming/TinyTeX/texmf-dist/tex/latex/hyperref/hpdftex.def
File: hpdftex.def 2022-09-22 v7.00t Hyperref driver for pdfTeX
(c:/Users/Usuario/AppData/Roaming/TinyTeX/texmf-dist/tex/latex/base/atveryend-ltx.sty
Package: atveryend-ltx 2020/08/19 v1.0a Emulation of the original atveryend package
with kernel methods
)
\Fld@listcount=\count315
\c@bookmark@seq@number=\count316
(c:/Users/Usuario/AppData/Roaming/TinyTeX/texmf-dist/tex/latex/rerunfilecheck/rerunfilecheck.sty
Package: rerunfilecheck 2022-07-10 v1.10 Rerun checks for auxiliary files (HO)
(c:/Users/Usuario/AppData/Roaming/TinyTeX/texmf-dist/tex/generic/uniquecounter/uniquecounter.sty
Package: uniquecounter 2019/12/15 v1.4 Provide unlimited unique counter (HO)
)
Package uniquecounter Info: New unique counter `rerunfilecheck' on input line 285.
)
\Hy@SectionHShift=\skip63
)
Package hyperref Info: Option `colorlinks' set `true' on input line 123.
(c:/Users/Usuario/AppData/Roaming/TinyTeX/texmf-dist/tex/latex/l3backend/l3backend-pdftex.def
File: l3backend-pdftex.def 2022-09-28 L3 backend support: PDF output (pdfTeX)
\l__color_backend_stack_int=\count317
\l__pdf_internal_box=\box68
) (./Practica1.aux)
\openout1 = `Practica1.aux'.

LaTeX Font Info:    Checking defaults for OML/cmm/m/it on input line 128.
LaTeX Font Info:    ... okay on input line 128.
LaTeX Font Info:    Checking defaults for OMS/cmsy/m/n on input line 128.
LaTeX Font Info:    ... okay on input line 128.
LaTeX Font Info:    Checking defaults for OT1/cmr/m/n on input line 128.
LaTeX Font Info:    ... okay on input line 128.
LaTeX Font Info:    Checking defaults for T1/cmr/m/n on input line 128.
LaTeX Font Info:    ... okay on input line 128.
LaTeX Font Info:    Checking defaults for TS1/cmr/m/n on input line 128.
LaTeX Font Info:    ... okay on input line 128.
LaTeX Font Info:    Checking defaults for OMX/cmex/m/n on input line 128.
LaTeX Font Info:    ... okay on input line 128.
LaTeX Font Info:    Checking defaults for U/cmr/m/n on input line 128.
LaTeX Font Info:    ... okay on input line 128.
LaTeX Font Info:    Checking defaults for PD1/pdf/m/n on input line 128.
LaTeX Font Info:    ... okay on input line 128.
LaTeX Font Info:    Checking defaults for PU/pdf/m/n on input line 128.
LaTeX Font Info:    ... okay on input line 128.
(c:/Users/Usuario/AppData/Roaming/TinyTeX/texmf-dist/tex/latex/epstopdf-pkg/epstopdf-base.sty
Package: epstopdf-base 2020-01-24 v2.11 Base part for package epstopdf
Package epstopdf-base Info: Redefining graphics rule for `.eps' on input line 485.
(c:/Users/Usuario/AppData/Roaming/TinyTeX/texmf-dist/tex/latex/latexconfig/epstopdf-sys.cfg
File: epstopdf-sys.cfg 2010/07/13 v1.3 Configuration of (r)epstopdf for TeX Live
))
*geometry* driver: auto-detecting
*geometry* detected driver: pdftex
*geometry* verbose mode - [ preamble ] result:
* driver: pdftex
* paper: a4paper
* layout: <same size as paper>
* layoutoffset:(h,v)=(0.0pt,0.0pt)
* modes: 
* h-part:(L,W,R)=(85.35826pt, 426.79135pt, 85.35826pt)
* v-part:(T,H,B)=(56.9055pt, 731.23584pt, 56.9055pt)
* \paperwidth=597.50787pt
* \paperheight=845.04684pt
* \textwidth=426.79135pt
* \textheight=731.23584pt
* \oddsidemargin=13.08827pt
* \evensidemargin=13.08827pt
* \topmargin=-52.36449pt
* \headheight=12.0pt
* \headsep=25.0pt
* \topskip=11.0pt
* \footskip=30.0pt
* \marginparwidth=50.0pt
* \marginparsep=10.0pt
* \columnsep=10.0pt
* \skip\footins=10.0pt plus 4.0pt minus 2.0pt
* \hoffset=0.0pt
* \voffset=0.0pt
* \mag=1000
* \@twocolumnfalse
* \@twosidefalse
* \@mparswitchfalse
* \@reversemarginfalse
* (1in=72.27pt=25.4mm, 1cm=28.453pt)

Package hyperref Info: Link coloring ON on input line 128.
(./Practica1.out) (./Practica1.out)
\@outlinefile=\write4
\openout4 = `Practica1.out'.

<images//uc3m.png, id=172, 456.2865pt x 45.99pt>
File: images//uc3m.png Graphic file (type png)
<use images//uc3m.png>
Package pdftex.def Info: images//uc3m.png  used on input line 136.
(pdftex.def)             Requested size: 456.29929pt x 45.99127pt.

Overfull \hbox (29.50793pt too wide) in paragraph at lines 136--136
 [] 
 []

[1

{c:/Users/Usuario/AppData/Roaming/TinyTeX/texmf-var/fonts/map/pdftex/updmap/pdftex.map} <./images//uc3m.png>] (./Practica1.toc
LaTeX Font Info:    Trying to load font information for OT1+lmr on input line 5.
(c:/Users/Usuario/AppData/Roaming/TinyTeX/texmf-dist/tex/latex/lm/ot1lmr.fd
File: ot1lmr.fd 2015/05/01 v1.6.1 Font defs for Latin Modern
)
LaTeX Font Info:    Trying to load font information for OML+lmm on input line 5.
(c:/Users/Usuario/AppData/Roaming/TinyTeX/texmf-dist/tex/latex/lm/omllmm.fd
File: omllmm.fd 2015/05/01 v1.6.1 Font defs for Latin Modern
)
LaTeX Font Info:    Trying to load font information for OMS+lmsy on input line 5.
(c:/Users/Usuario/AppData/Roaming/TinyTeX/texmf-dist/tex/latex/lm/omslmsy.fd
File: omslmsy.fd 2015/05/01 v1.6.1 Font defs for Latin Modern
)
LaTeX Font Info:    Trying to load font information for OMX+lmex on input line 5.
(c:/Users/Usuario/AppData/Roaming/TinyTeX/texmf-dist/tex/latex/lm/omxlmex.fd
File: omxlmex.fd 2015/05/01 v1.6.1 Font defs for Latin Modern
)
LaTeX Font Info:    External font `lmex10' loaded for size
(Font)              <10.95> on input line 5.
LaTeX Font Info:    External font `lmex10' loaded for size
(Font)              <8> on input line 5.
LaTeX Font Info:    External font `lmex10' loaded for size
(Font)              <6> on input line 5.
LaTeX Font Info:    Trying to load font information for U+msa on input line 5.
(c:/Users/Usuario/AppData/Roaming/TinyTeX/texmf-dist/tex/latex/amsfonts/umsa.fd
File: umsa.fd 2013/01/14 v3.01 AMS symbols A
)
LaTeX Font Info:    Trying to load font information for U+msb on input line 5.
(c:/Users/Usuario/AppData/Roaming/TinyTeX/texmf-dist/tex/latex/amsfonts/umsb.fd
File: umsb.fd 2013/01/14 v3.01 AMS symbols B
)
LaTeX Font Info:    Trying to load font information for T1+lmtt on input line 6.
(c:/Users/Usuario/AppData/Roaming/TinyTeX/texmf-dist/tex/latex/lm/t1lmtt.fd
File: t1lmtt.fd 2015/05/01 v1.6.1 Font defs for Latin Modern
) [2])
\tf@toc=\write5
\openout5 = `Practica1.toc'.

[3]
LaTeX Font Info:    Trying to load font information for TS1+lmr on input line 159.
(c:/Users/Usuario/AppData/Roaming/TinyTeX/texmf-dist/tex/latex/lm/ts1lmr.fd
File: ts1lmr.fd 2015/05/01 v1.6.1 Font defs for Latin Modern
) [4]
LaTeX Font Info:    Font shape `T1/lmtt/bx/n' in size <10.95> not available
(Font)              Font shape `T1/lmtt/b/n' tried instead on input line 234.
[5] [6]
LaTeX Font Info:    Trying to load font information for TS1+lmtt on input line 294.
(c:/Users/Usuario/AppData/Roaming/TinyTeX/texmf-dist/tex/latex/lm/ts1lmtt.fd
File: ts1lmtt.fd 2015/05/01 v1.6.1 Font defs for Latin Modern
)
LaTeX Font Info:    Font shape `T1/lmtt/bx/n' in size <12> not available
(Font)              Font shape `T1/lmtt/b/n' tried instead on input line 370.
[7]
Overfull \hbox (33.10733pt too wide) in paragraph at lines 430--430
[]\T1/lmtt/m/n/10.95 -- Variable type: factor -------------------------------------------------------[] 
 []


Overfull \hbox (4.36366pt too wide) in paragraph at lines 430--430
[]\T1/lmtt/m/n/10.95 1 gender                0             1 FALSE          2 Mal: 441, Fem: 142[] 
 []


Overfull \hbox (33.10733pt too wide) in paragraph at lines 430--430
[]\T1/lmtt/m/n/10.95 -- Variable type: numeric ------------------------------------------------------[] 
 []


Overfull \hbox (4.36366pt too wide) in paragraph at lines 430--430
[]  \T1/lmtt/m/n/10.95 skim_variable          n_missing complete_rate    mean      sd   p0   p25[] 
 []


Overfull \hbox (4.36366pt too wide) in paragraph at lines 430--430
[]\T1/lmtt/m/n/10.95 2 total_bilirubin                0             1   3.30    6.21   0.4   0.8[] 
 []


Overfull \hbox (4.36366pt too wide) in paragraph at lines 430--430
[]\T1/lmtt/m/n/10.95 3 direct_bilirubin               0             1   1.49    2.81   0.1   0.2[] 
 []


Overfull \hbox (4.36366pt too wide) in paragraph at lines 430--430
[]\T1/lmtt/m/n/10.95 7 total_protein                  0             1   6.48    1.09   2.7   5.8[] 
 []


Overfull \hbox (4.36366pt too wide) in paragraph at lines 430--430
[]\T1/lmtt/m/n/10.95 8 albumin                        0             1   3.14    0.796  0.9   2.6[] 
 []


Overfull \hbox (4.36366pt too wide) in paragraph at lines 430--430
[]\T1/lmtt/m/n/10.95 9 albumin_globulin_ratio         0             1   0.947   0.318  0.3   0.7[] 
 []

[8]
Overfull \hbox (67.59973pt too wide) in paragraph at lines 456--456
[] \T1/lmtt/m/n/10.95 $ gender                : Factor w/ 2 levels "Female","Male": 1 2 2 2 2 2 1 1 2 2 ...[] 
 []


Overfull \hbox (4.36366pt too wide) in paragraph at lines 456--456
[] \T1/lmtt/m/n/10.95 $ alkaline_phosphatase  : int  187 699 490 182 195 208 154 202 202 290 ...[] 
 []


Overfull \hbox (4.36366pt too wide) in paragraph at lines 456--456
[] \T1/lmtt/m/n/10.95 $ albumin               : num  3.3 3.2 3.3 3.4 2.4 4.4 3.5 3.6 4.1 3.4 ...[] 
 []


Overfull \hbox (38.85606pt too wide) in paragraph at lines 456--456
[] \T1/lmtt/m/n/10.95 $ diseased              : Factor w/ 2 levels "yes","no": 1 1 1 1 1 1 1 1 2 1 ...[] 
 []


Underfull \hbox (badness 10000) in paragraph at lines 483--484
[][][]$\T1/lmr/m/n/10.95 https : / / github . com / FabioScielzoOrtiz / Estadistica4all . github . io / blob / main / Notebooks /
 []

[9] [10]
Underfull \hbox (badness 1852) in paragraph at lines 582--587
[]\T1/lmr/m/n/10.95 10 pre-dic-tores (age , gen-der , To-tal_Bilirubin , Di-rect_Bilirubin , Al-ka-
 []


Underfull \hbox (badness 2205) in paragraph at lines 582--587
\T1/lmr/m/n/10.95 line_Phosphotase , Alamine_Aminotransferase , As-par-tate_Aminotransferase
 []


Overfull \hbox (16.62196pt too wide) in paragraph at lines 603--607
[]\T1/lmr/m/n/10.95 age , Al-ka-line_Phosphotase, Alamine_Aminotransferase , As-par-tate_Aminotransferase
 []

[11] [12] [13] [14] [15]
LaTeX Font Info:    External font `lmex10' loaded for size
(Font)              <5> on input line 855.
[16] [17] [18] [19]
<output_125_0.png, id=337, 778.91pt x 758.835pt>
File: output_125_0.png Graphic file (type png)
<use output_125_0.png>
Package pdftex.def Info: output_125_0.png  used on input line 995.
(pdftex.def)             Requested size: 426.78545pt x 415.78581pt.
[20

 <./output_125_0.png>] [21

]
<output_133_0.png, id=348, 498.86375pt x 485.815pt>
File: output_133_0.png Graphic file (type png)
<use output_133_0.png>
Package pdftex.def Info: output_133_0.png  used on input line 1070.
(pdftex.def)             Requested size: 309.20859pt x 301.12064pt.
[22 <./output_133_0.png>]
<output_140_0.png, id=355, 745.78625pt x 754.82pt>
File: output_140_0.png Graphic file (type png)
<use output_140_0.png>
Package pdftex.def Info: output_140_0.png  used on input line 1145.
(pdftex.def)             Requested size: 426.78679pt x 431.95648pt.
[23] [24 <./output_140_0.png>] [25]
Overfull \hbox (15.86113pt too wide) in paragraph at lines 1224--1224
\T1/lmtt/m/n/10.95 Frec_Relativas_Condicionadas_Gender_in_Diseased.style.set_caption([]"Gender 
 []

<output_152_1.png, id=373, 390.45876pt x 262.9825pt>
File: output_152_1.png Graphic file (type png)
<use output_152_1.png>
Package pdftex.def Info: output_152_1.png  used on input line 1238.
(pdftex.def)             Requested size: 316.1924pt x 212.96248pt.
[26 <./output_152_1.png>]
Overfull \hbox (27.3586pt too wide) in paragraph at lines 1298--1298
\T1/lmtt/m/n/10.95 Frec_Relativas_Condicionadas_Diseased_in_Gender.style.set_caption([]"Diseased 
 []

<output_162_1.png, id=380, 390.45876pt x 262.9825pt>
File: output_162_1.png Graphic file (type png)
<use output_162_1.png>
Package pdftex.def Info: output_162_1.png  used on input line 1312.
(pdftex.def)             Requested size: 316.1924pt x 212.96248pt.
[27] [28 <./output_162_1.png>]
Overfull \hbox (148.082pt too wide) in paragraph at lines 1412--1412
[]\T1/lmtt/m/n/10.95 Categories (4, interval[float64, right]): [(3.0, 33.0] < (33.0, 45.0] < (45.0, 58.0] < (58.0, 90.0]][] 
 []

[29] [30]
Overfull \hbox (15.86113pt too wide) in paragraph at lines 1478--1478
\T1/lmtt/m/n/10.95 Frec_Relativas_Condicionadas_Diseased_in_Aged.style.set_caption([]"Diseased 
 []

<output_187_1.png, id=402, 390.45876pt x 263.98625pt>
File: output_187_1.png Graphic file (type png)
<use output_187_1.png>
Package pdftex.def Info: output_187_1.png  used on input line 1492.
(pdftex.def)             Requested size: 316.1924pt x 213.77531pt.
[31 <./output_187_1.png>]
<output_195_1.png, id=410, 390.45876pt x 262.9825pt>
File: output_195_1.png Graphic file (type png)
<use output_195_1.png>
Package pdftex.def Info: output_195_1.png  used on input line 1547.
(pdftex.def)             Requested size: 316.1924pt x 212.96248pt.
[32 <./output_195_1.png>] [33] [34]
Overfull \hbox (4.36366pt too wide) in paragraph at lines 1743--1743
[]        \T1/lmtt/m/n/10.95 Direct_Bilirubin_yes  Direct_Bilirubin_no  Alkaline_Phosphotase_yes[] 
 []


Overfull \hbox (4.36366pt too wide) in paragraph at lines 1743--1743
[]\T1/lmtt/m/n/10.95 mean                1.923558             0.396407                319.007212[] 
 []


Overfull \hbox (4.36366pt too wide) in paragraph at lines 1743--1743
[]\T1/lmtt/m/n/10.95 min                 0.100000             0.100000                 63.000000[] 
 []


Overfull \hbox (4.36366pt too wide) in paragraph at lines 1743--1743
[]\T1/lmtt/m/n/10.95 Q25                 0.200000             0.200000                186.000000[] 
 []


Overfull \hbox (4.36366pt too wide) in paragraph at lines 1743--1743
[]\T1/lmtt/m/n/10.95 median              0.500000             0.200000                229.000000[] 
 []


Overfull \hbox (4.36366pt too wide) in paragraph at lines 1743--1743
[]\T1/lmtt/m/n/10.95 Q75                 1.800000             0.350000                315.250000[] 
 []


Overfull \hbox (4.36366pt too wide) in paragraph at lines 1743--1743
[]\T1/lmtt/m/n/10.95 max                19.700000             3.600000               2110.000000[] 
 []


Overfull \hbox (4.36366pt too wide) in paragraph at lines 1743--1743
[]\T1/lmtt/m/n/10.95 std                 3.206901             0.519255                268.307911[] 
 []


Overfull \hbox (10.1124pt too wide) in paragraph at lines 1743--1743
[]        \T1/lmtt/m/n/10.95 Aspartate_Aminotransferase_no  Total_Protiens_yes  Total_Protiens_no[] 
 []


Overfull \hbox (10.1124pt too wide) in paragraph at lines 1743--1743
[]\T1/lmtt/m/n/10.95 mean                        40.688623            6.459135           6.543114[] 
 []


Overfull \hbox (10.1124pt too wide) in paragraph at lines 1743--1743
[]\T1/lmtt/m/n/10.95 min                         10.000000            2.700000           3.700000[] 
 []


Overfull \hbox (10.1124pt too wide) in paragraph at lines 1743--1743
[]\T1/lmtt/m/n/10.95 Q25                         21.000000            5.700000           5.900000[] 
 []


Overfull \hbox (10.1124pt too wide) in paragraph at lines 1743--1743
[]\T1/lmtt/m/n/10.95 median                      29.000000            6.550000           6.600000[] 
 []


Overfull \hbox (10.1124pt too wide) in paragraph at lines 1743--1743
[]\T1/lmtt/m/n/10.95 Q75                         43.500000            7.200000           7.300000[] 
 []

[35]
Overfull \hbox (10.1124pt too wide) in paragraph at lines 1743--1743
[]\T1/lmtt/m/n/10.95 max                        285.000000            9.600000           9.200000[] 
 []


Overfull \hbox (10.1124pt too wide) in paragraph at lines 1743--1743
[]\T1/lmtt/m/n/10.95 std                         36.411620            1.094659           1.063042[] 
 []

[36] [37]
<output_214_0.png, id=439, 901.3675pt x 863.225pt>
File: output_214_0.png Graphic file (type png)
<use output_214_0.png>
Package pdftex.def Info: output_214_0.png  used on input line 1812.
(pdftex.def)             Requested size: 426.79239pt x 408.73213pt.
[38 <./output_214_0.png>]
<output_222_0.png, id=446, 481.8pt x 481.8pt>
File: output_222_0.png Graphic file (type png)
<use output_222_0.png>
Package pdftex.def Info: output_222_0.png  used on input line 1860.
(pdftex.def)             Requested size: 426.801pt x 426.801pt.
[39] [40 <./output_222_0.png (PNG copy)>]
Overfull \hbox (27.3586pt too wide) in paragraph at lines 1904--1904
[]  \T1/lmtt/m/n/10.95 1   2   3   4   5   6   7   8   9  10  11  12  13  14  15  16  17  18  19  20[] 
 []


Overfull \hbox (27.3586pt too wide) in paragraph at lines 1904--1904
[] \T1/lmtt/m/n/10.95 no  no yes yes yes yes  no yes  no yes yes yes yes  no  no yes yes yes yes yes[] 
 []


Overfull \hbox (27.3586pt too wide) in paragraph at lines 1904--1904
[] \T1/lmtt/m/n/10.95 21  22  23  24  25  26  27  28  29  30  31  32  33  34  35  36  37  38  39  40[] 
 []


Overfull \hbox (27.3586pt too wide) in paragraph at lines 1904--1904
[]\T1/lmtt/m/n/10.95 yes yes yes yes  no yes yes yes yes yes yes yes yes yes yes yes yes yes yes yes[] 
 []


Overfull \hbox (27.3586pt too wide) in paragraph at lines 1904--1904
[] \T1/lmtt/m/n/10.95 41  42  43  44  45  46  47  48  49  50  51  52  53  54  55  56  57  58  59  60[] 
 []


Overfull \hbox (27.3586pt too wide) in paragraph at lines 1904--1904
[] \T1/lmtt/m/n/10.95 no yes  no  no yes yes yes  no yes yes yes  no yes yes yes  no yes yes yes yes[] 
 []


Overfull \hbox (27.3586pt too wide) in paragraph at lines 1904--1904
[] \T1/lmtt/m/n/10.95 61  62  63  64  65  66  67  68  69  70  71  72  73  74  75  76  77  78  79  80[] 
 []


Overfull \hbox (27.3586pt too wide) in paragraph at lines 1904--1904
[]\T1/lmtt/m/n/10.95 yes yes yes  no  no yes yes  no yes yes yes  no yes yes  no  no yes yes yes yes[] 
 []


Overfull \hbox (27.3586pt too wide) in paragraph at lines 1904--1904
[] \T1/lmtt/m/n/10.95 81  82  83  84  85  86  87  88  89  90  91  92  93  94  95  96  97  98  99 100[] 
 []


Overfull \hbox (27.3586pt too wide) in paragraph at lines 1904--1904
[]\T1/lmtt/m/n/10.95 yes yes  no yes  no yes yes yes yes yes  no yes  no  no  no yes yes  no yes yes[] 
 []


Overfull \hbox (27.3586pt too wide) in paragraph at lines 1904--1904
[]\T1/lmtt/m/n/10.95 101 102 103 104 105 106 107 108 109 110 111 112 113 114 115 116 117 118 119 120[] 
 []


Overfull \hbox (27.3586pt too wide) in paragraph at lines 1904--1904
[]\T1/lmtt/m/n/10.95 yes yes yes yes yes  no  no yes yes yes  no  no  no yes  no yes yes yes  no yes[] 
 []


Overfull \hbox (27.3586pt too wide) in paragraph at lines 1904--1904
[]\T1/lmtt/m/n/10.95 121 122 123 124 125 126 127 128 129 130 131 132 133 134 135 136 137 138 139 140[] 
 []


Overfull \hbox (27.3586pt too wide) in paragraph at lines 1904--1904
[]\T1/lmtt/m/n/10.95 yes yes yes yes  no yes yes yes  no yes yes  no yes yes yes yes yes yes yes yes[] 
 []

[41]
<output_234_0.png, id=463, 481.8pt x 481.8pt>
File: output_234_0.png Graphic file (type png)
<use output_234_0.png>
Package pdftex.def Info: output_234_0.png  used on input line 1974.
(pdftex.def)             Requested size: 426.801pt x 426.801pt.
[42] [43 <./output_234_0.png (PNG copy)>]
Overfull \hbox (27.3586pt too wide) in paragraph at lines 2036--2036
[]  \T1/lmtt/m/n/10.95 1   2   3   4   5   6   7   8   9  10  11  12  13  14  15  16  17  18  19  20[] 
 []


Overfull \hbox (27.3586pt too wide) in paragraph at lines 2036--2036
[] \T1/lmtt/m/n/10.95 no  no yes yes yes yes  no yes  no yes yes yes yes  no  no yes yes yes yes yes[] 
 []


Overfull \hbox (27.3586pt too wide) in paragraph at lines 2036--2036
[] \T1/lmtt/m/n/10.95 21  22  23  24  25  26  27  28  29  30  31  32  33  34  35  36  37  38  39  40[] 
 []


Overfull \hbox (27.3586pt too wide) in paragraph at lines 2036--2036
[]\T1/lmtt/m/n/10.95 yes yes yes yes  no yes yes yes yes yes yes yes yes yes yes yes yes yes yes yes[] 
 []


Overfull \hbox (27.3586pt too wide) in paragraph at lines 2036--2036
[] \T1/lmtt/m/n/10.95 41  42  43  44  45  46  47  48  49  50  51  52  53  54  55  56  57  58  59  60[] 
 []


Overfull \hbox (27.3586pt too wide) in paragraph at lines 2036--2036
[] \T1/lmtt/m/n/10.95 no yes yes  no yes yes yes  no yes yes yes yes yes  no yes yes yes yes yes yes[] 
 []


Overfull \hbox (27.3586pt too wide) in paragraph at lines 2036--2036
[] \T1/lmtt/m/n/10.95 61  62  63  64  65  66  67  68  69  70  71  72  73  74  75  76  77  78  79  80[] 
 []


Overfull \hbox (27.3586pt too wide) in paragraph at lines 2036--2036
[]\T1/lmtt/m/n/10.95 yes yes yes  no  no yes yes  no yes yes yes yes yes yes yes yes yes yes yes yes[] 
 []


Overfull \hbox (27.3586pt too wide) in paragraph at lines 2036--2036
[] \T1/lmtt/m/n/10.95 81  82  83  84  85  86  87  88  89  90  91  92  93  94  95  96  97  98  99 100[] 
 []


Overfull \hbox (27.3586pt too wide) in paragraph at lines 2036--2036
[]\T1/lmtt/m/n/10.95 yes yes  no yes yes yes yes yes yes yes yes yes  no yes  no yes yes  no yes yes[] 
 []


Overfull \hbox (27.3586pt too wide) in paragraph at lines 2036--2036
[]\T1/lmtt/m/n/10.95 101 102 103 104 105 106 107 108 109 110 111 112 113 114 115 116 117 118 119 120[] 
 []


Overfull \hbox (27.3586pt too wide) in paragraph at lines 2036--2036
[]\T1/lmtt/m/n/10.95 yes yes yes yes yes yes  no yes yes yes  no  no  no yes  no yes yes yes yes yes[] 
 []


Overfull \hbox (27.3586pt too wide) in paragraph at lines 2036--2036
[]\T1/lmtt/m/n/10.95 121 122 123 124 125 126 127 128 129 130 131 132 133 134 135 136 137 138 139 140[] 
 []


Overfull \hbox (27.3586pt too wide) in paragraph at lines 2036--2036
[]\T1/lmtt/m/n/10.95 yes yes yes yes yes yes yes yes  no yes yes  no yes yes yes yes yes yes yes yes[] 
 []

[44] [45] [46]
Overfull \hbox (10.1124pt too wide) in paragraph at lines 2277--2277
[]\T1/lmtt/m/n/10.95 C5.0.formula(formula = diseased ~ ., data = datos_entreno, trials = 1, rules[] 
 []

[47] [48]
<output_265_0.png, id=495, 481.8pt x 481.8pt>
File: output_265_0.png Graphic file (type png)
<use output_265_0.png>
Package pdftex.def Info: output_265_0.png  used on input line 2291.
(pdftex.def)             Requested size: 263.49107pt x 263.49107pt.
[49 <./output_265_0.png (PNG copy)>]
Overfull \hbox (10.1124pt too wide) in paragraph at lines 2318--2318
[]  \T1/lmtt/m/n/10.95 [1] no  yes yes yes yes yes no  yes yes yes yes no  yes no  yes yes yes no[] 
 []


Overfull \hbox (15.86113pt too wide) in paragraph at lines 2318--2318
[] \T1/lmtt/m/n/10.95 [19] yes yes yes yes yes yes yes yes yes yes no  yes yes yes yes yes yes yes[] 
 []


Overfull \hbox (15.86113pt too wide) in paragraph at lines 2318--2318
[] \T1/lmtt/m/n/10.95 [37] yes yes yes yes yes yes yes yes yes no  yes no  no  yes yes yes no  yes[] 
 []


Overfull \hbox (15.86113pt too wide) in paragraph at lines 2318--2318
[] \T1/lmtt/m/n/10.95 [55] yes yes yes yes yes yes yes yes yes yes yes yes yes yes yes yes yes yes[] 
 []


Overfull \hbox (15.86113pt too wide) in paragraph at lines 2318--2318
[] \T1/lmtt/m/n/10.95 [73] yes yes yes yes no  yes no  no  yes yes yes yes yes yes yes yes yes yes[] 
 []


Overfull \hbox (15.86113pt too wide) in paragraph at lines 2318--2318
[] \T1/lmtt/m/n/10.95 [91] yes yes yes yes yes yes yes no  yes no  yes yes no  yes yes yes yes yes[] 
 []


Overfull \hbox (15.86113pt too wide) in paragraph at lines 2318--2318
[]\T1/lmtt/m/n/10.95 [109] yes yes yes yes yes no  yes no  yes no  yes no  yes yes no  yes yes yes[] 
 []


Overfull \hbox (15.86113pt too wide) in paragraph at lines 2318--2318
[]\T1/lmtt/m/n/10.95 [127] yes yes yes no  yes yes yes no  yes yes no  yes yes yes yes yes yes yes[] 
 []


Overfull \hbox (61.851pt too wide) in paragraph at lines 2369--2369
\T1/lmtt/m/n/10.95 del:"[],[]100[][]*[]error_clas,[]"%."[],[]sum[](prediccion[]==[]datos_test[]$[]diseased),[]"clasificaciones 
 []


Overfull \hbox (125.08707pt too wide) in paragraph at lines 2376--2376
[]\T1/lmtt/m/n/10.95 [1] "El error de clasificacion es del: 30.1 %. 102 clasificaciones correctas de un total de 146"[] 
 []

[50]
Overfull \hbox (10.1124pt too wide) in paragraph at lines 2508--2508
[]\T1/lmtt/m/n/10.95 C5.0.formula(formula = diseased ~ ., data = datos_entreno, trials = 1, rules[] 
 []

[51] [52]
<output_295_0.png, id=514, 481.8pt x 481.8pt>
File: output_295_0.png Graphic file (type png)
<use output_295_0.png>
Package pdftex.def Info: output_295_0.png  used on input line 2522.
(pdftex.def)             Requested size: 225.84319pt x 225.84319pt.
[53 <./output_295_0.png>]
Overfull \hbox (15.86113pt too wide) in paragraph at lines 2549--2549
[]  \T1/lmtt/m/n/10.95 [1] no  no  yes yes yes yes yes yes yes no  yes yes yes yes yes yes yes yes[] 
 []


Overfull \hbox (15.86113pt too wide) in paragraph at lines 2549--2549
[] \T1/lmtt/m/n/10.95 [19] yes yes yes yes yes yes yes yes yes yes no  yes yes yes yes yes yes yes[] 
 []


Overfull \hbox (15.86113pt too wide) in paragraph at lines 2549--2549
[] \T1/lmtt/m/n/10.95 [37] yes yes yes yes yes yes yes yes yes no  yes no  no  yes yes yes yes yes[] 
 []


Overfull \hbox (15.86113pt too wide) in paragraph at lines 2549--2549
[] \T1/lmtt/m/n/10.95 [55] yes yes yes yes yes yes yes yes yes no  no  yes no  yes no  no  yes yes[] 
 []


Overfull \hbox (10.1124pt too wide) in paragraph at lines 2549--2549
[] \T1/lmtt/m/n/10.95 [73] no  yes yes yes yes yes no  yes yes yes yes yes yes yes yes no  yes no[] 
 []


Overfull \hbox (15.86113pt too wide) in paragraph at lines 2549--2549
[] \T1/lmtt/m/n/10.95 [91] yes no  yes yes yes yes yes no  yes no  yes yes no  yes no  yes yes yes[] 
 []


Overfull \hbox (15.86113pt too wide) in paragraph at lines 2549--2549
[]\T1/lmtt/m/n/10.95 [109] yes yes yes yes yes yes yes no  yes yes no  no  yes yes yes yes yes yes[] 
 []


Overfull \hbox (15.86113pt too wide) in paragraph at lines 2549--2549
[]\T1/lmtt/m/n/10.95 [127] yes yes yes yes yes yes yes no  yes yes no  yes yes yes yes yes yes yes[] 
 []

[54]
Overfull \hbox (61.851pt too wide) in paragraph at lines 2596--2596
\T1/lmtt/m/n/10.95 del:"[],[]100[][]*[]error_clas,[]"%."[],[]sum[](prediccion[]==[]datos_test[]$[]diseased),[]"clasificaciones 
 []


Overfull \hbox (125.08707pt too wide) in paragraph at lines 2603--2603
[]\T1/lmtt/m/n/10.95 [1] "El error de clasificacion es del: 28.8 %. 104 clasificaciones correctas de un total de 146"[] 
 []

[55]
Overfull \hbox (67.59973pt too wide) in paragraph at lines 2685--2685
[]\T1/lmtt/m/n/10.95 INFO  [16:15:05.775] [mlr3] Applying learner \TS1/lmtt/m/n/10.95 '\T1/lmtt/m/n/10.95 classif.rpart\TS1/lmtt/m/n/10.95 ' \T1/lmtt/m/n/10.95 on task \TS1/lmtt/m/n/10.95 '\T1/lmtt/m/n/10.95 ilpd\TS1/lmtt/m/n/10.95 ' \T1/lmtt/m/n/10.95 (iter 1/1)[] 
 []

[56]
Overfull \hbox (4.36366pt too wide) in paragraph at lines 2763--2763
[]      \T1/lmtt/m/n/10.95 10) aspartate_transaminase>=45.5 20   2 yes (0.90000000 0.10000000) *[] 
 []


Overfull \hbox (15.86113pt too wide) in paragraph at lines 2763--2763
[]        \T1/lmtt/m/n/10.95 22) aspartate_transaminase< 27.5 14   3 yes (0.78571429 0.21428571) *[] 
 []


Overfull \hbox (10.1124pt too wide) in paragraph at lines 2763--2763
[]        \T1/lmtt/m/n/10.95 23) aspartate_transaminase>=27.5 13   4 no (0.30769231 0.69230769) *[] 
 []


Overfull \hbox (4.36366pt too wide) in paragraph at lines 2763--2763
[]      \T1/lmtt/m/n/10.95 14) aspartate_transaminase>=26.5 99  42 yes (0.57575758 0.42424242) *[] 
 []

[57]
<output_342_0.png, id=539, 481.8pt x 481.8pt>
File: output_342_0.png Graphic file (type png)
<use output_342_0.png>
Package pdftex.def Info: output_342_0.png  used on input line 2777.
(pdftex.def)             Requested size: 426.801pt x 426.801pt.
[58 <./output_342_0.png (PNG copy)>]
Overfull \hbox (56.10226pt too wide) in paragraph at lines 2856--2856
[]\T1/lmtt/m/n/10.95 INFO  [16:15:13.538] [mlr3] Applying learner \TS1/lmtt/m/n/10.95 '\T1/lmtt/m/n/10.95 classif.C50\TS1/lmtt/m/n/10.95 ' \T1/lmtt/m/n/10.95 on task \TS1/lmtt/m/n/10.95 '\T1/lmtt/m/n/10.95 ilpd\TS1/lmtt/m/n/10.95 ' \T1/lmtt/m/n/10.95 (iter 1/1)[] 
 []

[59] [60] [61] [62] [63] [64]
<output_397_0.jpg, id=573, 1863.96375pt x 726.715pt>
File: output_397_0.jpg Graphic file (type jpg)
<use output_397_0.jpg>
Package pdftex.def Info: output_397_0.jpg  used on input line 3109.
(pdftex.def)             Requested size: 426.7686pt x 166.38689pt.
[65 <./output_397_0.jpg>] [66] [67] [68] [69] [70]
<output_465_0.jpg, id=608, 1416.29124pt x 669.50125pt>
File: output_465_0.jpg Graphic file (type jpg)
<use output_465_0.jpg>
Package pdftex.def Info: output_465_0.jpg  used on input line 3455.
(pdftex.def)             Requested size: 316.16653pt x 149.45647pt.
[71 <./output_465_0.jpg>] [72]
Overfull \hbox (10.68697pt too wide) detected at line 3526
[]  [] \OT1/lmr/m/n/10.95 = []  [] = []  []
 []


Overfull \hbox (10.68697pt too wide) detected at line 3531
[]  [] \OT1/lmr/m/n/10.95 = []  [] = []  []
 []

<output_494_0.jpg, id=618, 1496.59125pt x 638.385pt>
File: output_494_0.jpg Graphic file (type jpg)
<use output_494_0.jpg>
Package pdftex.def Info: output_494_0.jpg  used on input line 3595.
(pdftex.def)             Requested size: 316.166pt x 134.86356pt.
[73] [74 <./output_494_0.jpg>]
<output_500_0.jpg, id=629, 1983.41pt x 827.09pt>
File: output_500_0.jpg Graphic file (type jpg)
<use output_500_0.jpg>
Package pdftex.def Info: output_500_0.jpg  used on input line 3622.
(pdftex.def)             Requested size: 316.17177pt x 131.8449pt.
[75 <./output_500_0.jpg>] [76]
Overfull \hbox (72.89285pt too wide) detected at line 3685
[]
 []


Overfull \hbox (75.7383pt too wide) detected at line 3691
[]
 []

[77]
<output_523_0.jpg, id=643, 2507.3675pt x 701.62125pt>
File: output_523_0.jpg Graphic file (type jpg)
<use output_523_0.jpg>
Package pdftex.def Info: output_523_0.jpg  used on input line 3729.
(pdftex.def)             Requested size: 426.78247pt x 119.4239pt.
<output_528_0.jpg, id=644, 2289.55376pt x 751.80875pt>
File: output_528_0.jpg Graphic file (type jpg)
<use output_528_0.jpg>
Package pdftex.def Info: output_528_0.jpg  used on input line 3753.
(pdftex.def)             Requested size: 426.7749pt x 140.13783pt.
[78 <./output_523_0.jpg>] [79 <./output_528_0.jpg>]
Overfull \hbox (10.27315pt too wide) detected at line 3793
[]
 []

[80]
<output_544_0.jpg, id=660, 2607.7425pt x 678.535pt>
File: output_544_0.jpg Graphic file (type jpg)
<use output_544_0.jpg>
Package pdftex.def Info: output_544_0.jpg  used on input line 3801.
(pdftex.def)             Requested size: 426.75735pt x 111.04233pt.
[81 <./output_544_0.jpg>] [82]
Overfull \hbox (58.00331pt too wide) in paragraph at lines 4230--4230
| | | |[]\T1/lmtt/m/it/10.95 ####################################################################################[]|  
 []

[83]
Underfull \vbox (badness 10000) detected at line 4538
 []


Overfull \vbox (0.5638pt too high) detected at line 4538
 []

[84]
Underfull \vbox (badness 10000) detected at line 4538
 []


Overfull \vbox (0.56378pt too high) detected at line 4538
 []

[85]
Underfull \vbox (badness 10000) detected at line 4538
 []


Overfull \vbox (0.56384pt too high) detected at line 4538
 []

[86]
Underfull \vbox (badness 10000) detected at line 4538
 []


Overfull \vbox (0.56387pt too high) detected at line 4538
 []

[87]
Underfull \vbox (badness 10000) detected at line 4538
 []


Overfull \vbox (0.56377pt too high) detected at line 4538
 []

[88]
Underfull \vbox (badness 10000) detected at line 4538
 []


Overfull \vbox (0.56387pt too high) detected at line 4538
 []

[89]
Underfull \vbox (badness 10000) detected at line 4538
 []


Overfull \vbox (0.56387pt too high) detected at line 4538
 []

[90]
Underfull \vbox (badness 10000) detected at line 4538
 []


Overfull \vbox (0.5638pt too high) detected at line 4538
 []

[91]
Underfull \vbox (badness 10000) detected at line 4538
 []


Overfull \vbox (14.1638pt too high) detected at line 4538
 []

[92]
Underfull \vbox (badness 10000) detected at line 4538
 []


Overfull \vbox (0.56389pt too high) detected at line 4538
 []

[93]
Underfull \vbox (badness 10000) detected at line 4538
 []


Overfull \vbox (41.36392pt too high) detected at line 4538
 []

[94]
Underfull \vbox (badness 10000) detected at line 4538
 []


Overfull \vbox (0.56377pt too high) detected at line 4538
 []

[95]
Underfull \vbox (badness 10000) detected at line 4538
 []


Overfull \vbox (14.16393pt too high) detected at line 4538
 []

[96] [97]
Underfull \vbox (badness 1975) detected at line 5139
 []

[98]
Underfull \vbox (badness 10000) detected at line 5139
 []


Overfull \vbox (0.56378pt too high) detected at line 5139
 []

[99]
Underfull \vbox (badness 10000) detected at line 5139
 []


Overfull \vbox (0.56384pt too high) detected at line 5139
 []

[100]
Underfull \vbox (badness 10000) detected at line 5139
 []


Overfull \vbox (0.56381pt too high) detected at line 5139
 []

[101]
Underfull \vbox (badness 10000) detected at line 5139
 []


Overfull \vbox (0.56377pt too high) detected at line 5139
 []

[102]
Underfull \vbox (badness 10000) detected at line 5139
 []


Overfull \vbox (0.56384pt too high) detected at line 5139
 []

[103]
Underfull \vbox (badness 10000) detected at line 5139
 []


Overfull \vbox (0.56384pt too high) detected at line 5139
 []

[104]
Underfull \vbox (badness 10000) detected at line 5139
 []


Overfull \vbox (14.16385pt too high) detected at line 5139
 []

[105]
Underfull \vbox (badness 10000) detected at line 5139
 []


Overfull \vbox (0.5638pt too high) detected at line 5139
 []

[106]
Underfull \vbox (badness 10000) detected at line 5139
 []


Overfull \vbox (0.56389pt too high) detected at line 5139
 []

[107]
Underfull \vbox (badness 10000) detected at line 5139
 []


Overfull \vbox (0.56389pt too high) detected at line 5139
 []

[108]
Underfull \vbox (badness 10000) detected at line 5139
 []


Overfull \vbox (0.56384pt too high) detected at line 5139
 []

[109]
Underfull \vbox (badness 10000) detected at line 5139
 []


Overfull \vbox (0.56383pt too high) detected at line 5139
 []

[110] [111] [112] [113] [114] [115]
Overfull \hbox (138.48558pt too wide) in paragraph at lines 5506--5506
| | | |[]\T1/lmtt/m/it/10.95 ##################################################################################################[]|  
 []


Overfull \hbox (337.7902pt too wide) in paragraph at lines 5527--5527
[]\T1/lmtt/m/n/10.95 El arbol final es el arbol con 1 Iteracion. Se ha cumplido el criterio de parada basado en numero minimo 20 de observaciones por rama[] 
 []

[116] [117]
Overfull \hbox (337.7902pt too wide) in paragraph at lines 5640--5640
[]\T1/lmtt/m/n/10.95 El arbol final es el arbol con 1 Iteracion. Se ha cumplido el criterio de parada basado en numero minimo 20 de observaciones por rama[] 
 []


Overfull \hbox (69.50078pt too wide) in paragraph at lines 5818--5818
| | | |[]\T1/lmtt/m/it/10.95 ######################################################################################[]|  
 []


Overfull \hbox (58.00331pt too wide) in paragraph at lines 5950--5950
| | | |[]\T1/lmtt/m/it/10.95 ####################################################################################[]|  
 []

[118]
Underfull \vbox (badness 10000) detected at line 6229
 []


Overfull \vbox (14.16382pt too high) detected at line 6229
 []

[119]
Underfull \vbox (badness 10000) detected at line 6229
 []


Overfull \vbox (0.56375pt too high) detected at line 6229
 []

[120]
Underfull \vbox (badness 10000) detected at line 6229
 []


Overfull \vbox (0.56381pt too high) detected at line 6229
 []

[121]
Underfull \vbox (badness 10000) detected at line 6229
 []


Overfull \vbox (0.56386pt too high) detected at line 6229
 []

[122]
Underfull \vbox (badness 10000) detected at line 6229
 []


Overfull \vbox (0.5638pt too high) detected at line 6229
 []

[123]
Underfull \vbox (badness 10000) detected at line 6229
 []


Overfull \vbox (14.16383pt too high) detected at line 6229
 []

[124]
Underfull \vbox (badness 10000) detected at line 6229
 []


Overfull \vbox (0.56387pt too high) detected at line 6229
 []

[125]
Underfull \vbox (badness 10000) detected at line 6229
 []


Overfull \vbox (0.56378pt too high) detected at line 6229
 []

[126]
Underfull \vbox (badness 10000) detected at line 6229
 []


Overfull \vbox (14.16385pt too high) detected at line 6229
 []

[127]
Underfull \vbox (badness 10000) detected at line 6229
 []


Overfull \vbox (14.16386pt too high) detected at line 6229
 []

[128]
Underfull \vbox (badness 10000) detected at line 6229
 []


Overfull \vbox (0.56386pt too high) detected at line 6229
 []

[129]
Underfull \vbox (badness 10000) detected at line 6229
 []


Overfull \vbox (41.36378pt too high) detected at line 6229
 []

[130]
Underfull \vbox (badness 10000) detected at line 6229
 []


Overfull \vbox (0.56393pt too high) detected at line 6229
 []

[131]
Overfull \hbox (337.7902pt too wide) in paragraph at lines 6242--6242
[]\T1/lmtt/m/n/10.95 El arbol final es el arbol con 1 Iteracion. Se ha cumplido el criterio de parada basado en numero minimo 20 de observaciones por rama[] 
 []

[132] [133]
Overfull \hbox (337.7902pt too wide) in paragraph at lines 6357--6357
[]\T1/lmtt/m/n/10.95 El arbol final es el arbol con 1 Iteracion. Se ha cumplido el criterio de parada basado en numero minimo 20 de observaciones por rama[] 
 []


Overfull \hbox (39.49712pt too wide) in paragraph at lines 6378--6383
[]\T1/lmr/m/n/10.95 sklearn.tree.DecisionTreeClassifier(criterion=`gini', split-ter=`best', max_depth=None,
 []


Overfull \hbox (1.68642pt too wide) in paragraph at lines 6378--6383
\T1/lmr/m/n/10.95 min_samples_split=2, min_samples_leaf=1, min_weight_fraction_leaf=0.0,
 []


Underfull \hbox (badness 10000) in paragraph at lines 6378--6383
\T1/lmr/m/n/10.95 max_features=None, ran-dom_state=None, max_leaf_nodes=None,
 []

[134]
Overfull \hbox (21.60986pt too wide) in paragraph at lines 6488--6488
[]\T1/lmtt/m/n/10.95 DecisionTreeClassifier(ccp_alpha=0, min_samples_leaf=50, min_samples_split=40,[] 
 []

[135]
<output_660_0.jpg, id=901, 1080.4365pt x 516.7305pt>
File: output_660_0.jpg Graphic file (type jpg)
<use output_660_0.jpg>
Package pdftex.def Info: output_660_0.jpg  used on input line 6568.
(pdftex.def)             Requested size: 426.79247pt x 204.11813pt.
[136 <./output_660_0.jpg>] [137] [138]
Underfull \hbox (badness 1152) in paragraph at lines 6732--6736
\T1/lmr/m/n/10.95 del tipo tipo sklearn.tree.DecisionTreeClassifier(criterion=`gini', split-ter=`best', ran-
 []


Overfull \hbox (28.14998pt too wide) in paragraph at lines 6737--6739
[]\T1/lmr/m/n/10.95 Es de-cir para un ar-bol de clasi-fi-ca-cion en el que por de-fecto ccp_alpha=0, min_samples_split=2,
 []


Overfull \hbox (38.85606pt too wide) in paragraph at lines 6770--6770
[]\T1/lmtt/m/n/10.95 {\TS1/lmtt/m/n/10.95 '\T1/lmtt/m/n/10.95 ccp_alphas\TS1/lmtt/m/n/10.95 '\T1/lmtt/m/n/10.95 : array([0.        , 0.00190749, 0.00190749, 0.00198085, 0.00199264,[] 
 []


Overfull \hbox (38.85606pt too wide) in paragraph at lines 6770--6770
[] \TS1/lmtt/m/n/10.95 '\T1/lmtt/m/n/10.95 impurities\TS1/lmtt/m/n/10.95 '\T1/lmtt/m/n/10.95 : array([0.        , 0.00381497, 0.00762995, 0.01159165, 0.01557694,[] 
 []

[139]
<output_695_1.png, id=922, 561.09625pt x 536.0025pt>
File: output_695_1.png Graphic file (type png)
<use output_695_1.png>
Package pdftex.def Info: output_695_1.png  used on input line 6824.
(pdftex.def)             Requested size: 426.7886pt x 407.70146pt.
[140] [141 <./output_695_1.png>] [142]
Overfull \hbox (56.10226pt too wide) in paragraph at lines 6956--6956
\T1/lmtt/m/n/10.95 sklearn.tree.DecisionTreeClassifier(ccp_alpha[]\T1/lmtt/b/n/10.95 =[]\T1/lmtt/m/n/10.95 alpha_score_df_sorted[[]\TS1/lmtt/m/n/10.95 '\T1/lmtt/m/n/10.95 alpha\TS1/lmtt/m/n/10.95 '[]\T1/lmtt/m/n/10.95 ][[]0[]], 
 []


Underfull \vbox (badness 10000) detected at line 6996
 []


Overfull \vbox (0.56375pt too high) detected at line 6996
 []

[143]
Overfull \hbox (24.5611pt too wide) in paragraph at lines 7039--7042
[]\T1/lmr/m/n/10.95 TEC_classification_tree_penalized_star(ccp_alpha=alpha_score_df_sorted[`alpha'][0]
 []


Underfull \hbox (badness 6236) in paragraph at lines 7044--7048
[]\T1/lmr/m/n/10.95 TEC_classification_tree_sklearn (De-ci-sion-TreeRe-gres-sor(criterion=`gini', split-
 []


Underfull \hbox (badness 2173) in paragraph at lines 7044--7048
\T1/lmr/m/n/10.95 ter=`best', min_samples_split=40, min_samples_leaf=50, max_depth=None,
 []

[144]

LaTeX Warning: Command \' invalid in math mode on input line 7140.


LaTeX Warning: Command \' invalid in math mode on input line 7140.


LaTeX Warning: Command \' invalid in math mode on input line 7140.


Overfull \hbox (977.80067pt too wide) in paragraph at lines 7161--7161
| | | |[]\T1/lmtt/m/it/10.95 ####################################################################################################################################################################################################################################################[]|  
 []


Overfull \hbox (977.80067pt too wide) in paragraph at lines 7172--7172
| | | |[]\T1/lmtt/m/it/10.95 ####################################################################################################################################################################################################################################################[]|  
 []


Overfull \hbox (92.49571pt too wide) in paragraph at lines 7187--7187
| | | |[]\T1/lmtt/m/it/10.95 ##########################################################################################[]|  
 []


Overfull \hbox (92.49571pt too wide) in paragraph at lines 7197--7197
| | | |[]\T1/lmtt/m/it/10.95 ##########################################################################################[]|  
 []


Overfull \hbox (92.49571pt too wide) in paragraph at lines 7209--7209
| | | |[]\T1/lmtt/m/it/10.95 ##########################################################################################[]|  
 []


Overfull \hbox (977.80067pt too wide) in paragraph at lines 7231--7231
| | | |[]\T1/lmtt/m/it/10.95 ####################################################################################################################################################################################################################################################[]|  
 []


Overfull \hbox (418.27248pt too wide) in paragraph at lines 7475--7475
[]\T1/lmtt/m/it/10.95 ############################################################################################################################################## 
 []


Overfull \hbox (92.49571pt too wide) in paragraph at lines 7484--7484
| | | |[]\T1/lmtt/m/it/10.95 ##########################################################################################[]|  
 []


Overfull \hbox (103.99318pt too wide) in paragraph at lines 7494--7494
[]\T1/lmtt/m/it/10.95 #####################################################################################[]|  
 []


Overfull \hbox (138.48558pt too wide) in paragraph at lines 7509--7509
[]\T1/lmtt/m/it/10.95 ##########################################################################################[]|  
 []


Overfull \hbox (138.48558pt too wide) in paragraph at lines 7519--7519
[]\T1/lmtt/m/it/10.95 ##########################################################################################[]|  
 []


Overfull \hbox (92.49571pt too wide) in paragraph at lines 7533--7533
| | | |[]\T1/lmtt/m/it/10.95 ##########################################################################################[]|  
 []


Overfull \hbox (391.42986pt too wide) in paragraph at lines 7551--7551
| | | |[]\T1/lmtt/m/it/10.95 ##############################################################################################################################################[]|  
 []


Overfull \hbox (92.49571pt too wide) in paragraph at lines 7562--7562
| | | |[]\T1/lmtt/m/it/10.95 ##########################################################################################[]|  
 []


Overfull \hbox (92.49571pt too wide) in paragraph at lines 7568--7568
| | | |[]\T1/lmtt/m/it/10.95 ##########################################################################################[]|  
 []


Overfull \hbox (391.42986pt too wide) in paragraph at lines 7581--7581
| | | |[]\T1/lmtt/m/it/10.95 ##############################################################################################################################################[]|  
 []


Overfull \hbox (391.42986pt too wide) in paragraph at lines 7589--7589
| | | |[]\T1/lmtt/m/it/10.95 ##############################################################################################################################################[]|  
 []


Overfull \hbox (391.42986pt too wide) in paragraph at lines 7599--7599
| | | |[]\T1/lmtt/m/it/10.95 ##############################################################################################################################################[]|  
 []


Overfull \hbox (92.49571pt too wide) in paragraph at lines 7611--7611
| | | |[]\T1/lmtt/m/it/10.95 ##########################################################################################[]|  
 []


Overfull \hbox (92.49571pt too wide) in paragraph at lines 7624--7624
| | | |[]\T1/lmtt/m/it/10.95 ##########################################################################################[]|  
 []


Overfull \hbox (92.49571pt too wide) in paragraph at lines 7633--7633
| | | |[]\T1/lmtt/m/it/10.95 ##########################################################################################[]|  
 []


Overfull \hbox (29.25964pt too wide) in paragraph at lines 7647--7647
| | | |[]\T1/lmtt/m/it/10.95 ###############################################################################[]|  
 []


Overfull \hbox (391.42986pt too wide) in paragraph at lines 7655--7655
| | | |[]\T1/lmtt/m/it/10.95 ##############################################################################################################################################[]|  
 []


Overfull \hbox (391.42986pt too wide) in paragraph at lines 7666--7666
| | | |[]\T1/lmtt/m/it/10.95 ##############################################################################################################################################[]|  
 []


Overfull \hbox (92.49571pt too wide) in paragraph at lines 7677--7677
| | | |[]\T1/lmtt/m/it/10.95 ##########################################################################################[]|  
 []


Overfull \hbox (92.49571pt too wide) in paragraph at lines 7691--7691
| | | |[]\T1/lmtt/m/it/10.95 ##########################################################################################[]|  
 []


Overfull \hbox (92.49571pt too wide) in paragraph at lines 7700--7700
| | | |[]\T1/lmtt/m/it/10.95 ##########################################################################################[]|  
 []


Overfull \hbox (103.99318pt too wide) in paragraph at lines 7716--7716
| | | |[]\T1/lmtt/m/it/10.95 ############################################################################################[]|  
 []


Overfull \hbox (345.43999pt too wide) in paragraph at lines 7725--7725
| | | |[]\T1/lmtt/m/it/10.95 ######################################################################################################################################[]|  
 []


Overfull \hbox (345.43999pt too wide) in paragraph at lines 7734--7734
| | | |[]\T1/lmtt/m/it/10.95 ######################################################################################################################################[]|  
 []


Overfull \hbox (345.43999pt too wide) in paragraph at lines 7736--7736
| | | |[]\T1/lmtt/m/it/10.95 ######################################################################################################################################[]|  
 []

[145]
Underfull \vbox (badness 10000) detected at line 7767
 []


Overfull \vbox (0.56374pt too high) detected at line 7767
 []

[146]
Underfull \vbox (badness 10000) detected at line 7767
 []


Overfull \vbox (0.56374pt too high) detected at line 7767
 []

[147]
Underfull \vbox (badness 10000) detected at line 7767
 []


Overfull \vbox (0.5638pt too high) detected at line 7767
 []

[148]
Underfull \vbox (badness 10000) detected at line 7767
 []


Overfull \vbox (0.5638pt too high) detected at line 7767
 []

[149]
Underfull \vbox (badness 10000) detected at line 7767
 []


Overfull \vbox (0.56372pt too high) detected at line 7767
 []

[150]
Underfull \vbox (badness 10000) detected at line 7767
 []


Overfull \vbox (0.56374pt too high) detected at line 7767
 []

[151]
Underfull \vbox (badness 10000) detected at line 7767
 []


Overfull \vbox (0.56383pt too high) detected at line 7767
 []

[152]
Underfull \vbox (badness 10000) detected at line 7767
 []


Overfull \vbox (0.56375pt too high) detected at line 7767
 []

[153]
Underfull \vbox (badness 10000) detected at line 7767
 []


Overfull \vbox (0.56375pt too high) detected at line 7767
 []

[154]
Underfull \vbox (badness 10000) detected at line 7767
 []


Overfull \vbox (0.56372pt too high) detected at line 7767
 []

[155]
Underfull \vbox (badness 10000) detected at line 7767
 []


Overfull \vbox (0.56372pt too high) detected at line 7767
 []

[156]
Underfull \vbox (badness 10000) detected at line 7767
 []


Overfull \vbox (14.16373pt too high) detected at line 7767
 []

[157] [158] [159] [160] [161] [162] [163] [164] [165] [166] [167] [168] [169] [170]
Underfull \vbox (badness 1975) detected at line 8678
 []

[171] [172]
Overfull \hbox (158.57634pt too wide) in paragraph at lines 8771--8774
[]\T1/lmr/m/n/10.95 arbol de clasi-fi-ca-cion con sklearn pe-nal-iza-cion op-tima De-ci-sion-TreeClas-si-fier(ccp_alpha=alpha_score_df_sorted[`alpha'][0],
 []

[173] (./Practica1.aux)
Package rerunfilecheck Info: File `Practica1.out' has not changed.
(rerunfilecheck)             Checksum: DF32B7062D5D8857CCDD6E1C33EF1B73;12035.
 ) 
Here is how much of TeX's memory you used:
 14213 strings out of 477031
 232058 string characters out of 5826468
 755979 words of memory out of 5000000
 34807 multiletter control sequences out of 15000+600000
 539645 words of font info for 75 fonts, out of 8000000 for 9000
 14 hyphenation exceptions out of 8191
 72i,13n,77p,1309b,607s stack positions out of 10000i,1000n,20000p,200000b,200000s
{c:/Users/Usuario/AppData/Roaming/TinyTeX/texmf-dist/fonts/enc/dvips/lm/lm-ec.enc}{c:/Users/Usuario/AppData/Roaming/TinyTeX/texmf-dist/fonts/enc/dvips/lm/lm-rm.enc}{c:/Users/Usuario/AppData/Roaming/TinyTeX/texmf-dist/fonts/enc/dvips/lm/lm-mathsy.enc}{c:/Users/Usuario/AppData/Roaming/TinyTeX/texmf-dist/fonts/enc/dvips/lm/lm-mathex.enc}{c:/Users/Usuario/AppData/Roaming/TinyTeX/texmf-dist/fonts/enc/dvips/lm/lm-mathit.enc}{c:/Users/Usuario/AppData/Roaming/TinyTeX/texmf-dist/fonts/enc/dvips/lm/lm-ts1.enc}<c:/Users/Usuario/AppData/Roaming/TinyTeX/texmf-dist/fonts/type1/public/lm/lmbx10.pfb><c:/Users/Usuario/AppData/Roaming/TinyTeX/texmf-dist/fonts/type1/public/lm/lmbx12.pfb><c:/Users/Usuario/AppData/Roaming/TinyTeX/texmf-dist/fonts/type1/public/lm/lmbxi10.pfb><c:/Users/Usuario/AppData/Roaming/TinyTeX/texmf-dist/fonts/type1/public/lm/lmcsc10.pfb><c:/Users/Usuario/AppData/Roaming/TinyTeX/texmf-dist/fonts/type1/public/lm/lmex10.pfb><c:/Users/Usuario/AppData/Roaming/TinyTeX/texmf-dist/fonts/type1/public/lm/lmmi10.pfb><c:/Users/Usuario/AppData/Roaming/TinyTeX/texmf-dist/fonts/type1/public/lm/lmmi6.pfb><c:/Users/Usuario/AppData/Roaming/TinyTeX/texmf-dist/fonts/type1/public/lm/lmmi8.pfb><c:/Users/Usuario/AppData/Roaming/TinyTeX/texmf-dist/fonts/type1/public/lm/lmr10.pfb><c:/Users/Usuario/AppData/Roaming/TinyTeX/texmf-dist/fonts/type1/public/lm/lmr6.pfb><c:/Users/Usuario/AppData/Roaming/TinyTeX/texmf-dist/fonts/type1/public/lm/lmr8.pfb><c:/Users/Usuario/AppData/Roaming/TinyTeX/texmf-dist/fonts/type1/public/lm/lmri10.pfb><c:/Users/Usuario/AppData/Roaming/TinyTeX/texmf-dist/fonts/type1/public/lm/lmri12.pfb><c:/Users/Usuario/AppData/Roaming/TinyTeX/texmf-dist/fonts/type1/public/lm/lmsy10.pfb><c:/Users/Usuario/AppData/Roaming/TinyTeX/texmf-dist/fonts/type1/public/lm/lmsy6.pfb><c:/Users/Usuario/AppData/Roaming/TinyTeX/texmf-dist/fonts/type1/public/lm/lmsy8.pfb><c:/Users/Usuario/AppData/Roaming/TinyTeX/texmf-dist/fonts/type1/public/lm/lmtk10.pfb><c:/Users/Usuario/AppData/Roaming/TinyTeX/texmf-dist/fonts/type1/public/lm/lmtt10.pfb><c:/Users/Usuario/AppData/Roaming/TinyTeX/texmf-dist/fonts/type1/public/lm/lmtti10.pfb><c:/Users/Usuario/AppData/Roaming/TinyTeX/texmf-dist/fonts/type1/public/amsfonts/symbols/msam10.pfb>
Output written on Practica1.pdf (173 pages, 2156205 bytes).
PDF statistics:
 1256 PDF objects out of 1440 (max. 8388607)
 992 compressed objects within 10 object streams
 291 named destinations out of 1000 (max. 500000)
 452 words of extra memory for PDF output out of 10000 (max. 10000000)

